2023-09-10 15:51:27:5127 [35m[35mhttp[35m[39m: [35m[35mGET /api/user/me 401 24 - 5.073 ms[35m[39m
[35m[35m[35m[39m
2023-09-10 15:51:27:5127 [31m[31merror[31m[39m: [31m[31mAuthorizationError unauthorized refresh token[31m[39m
2023-09-10 15:51:27:5127 [35m[35mhttp[35m[39m: [35m[35mGET /auth/refresh 401 58 - 4.362 ms[35m[39m
[35m[35m[35m[39m
2023-09-10 15:51:28:5128 [35m[35mhttp[35m[39m: [35m[35mGET /api/user/me 401 24 - 1.212 ms[35m[39m
[35m[35m[35m[39m
2023-09-10 15:51:28:5128 [31m[31merror[31m[39m: [31m[31mAuthorizationError unauthorized refresh token[31m[39m
2023-09-10 15:51:28:5128 [35m[35mhttp[35m[39m: [35m[35mGET /auth/refresh 401 58 - 2.942 ms[35m[39m
[35m[35m[35m[39m
2023-09-10 15:51:35:5135 [35m[35mhttp[35m[39m: [35m[35mGET /api/user/me 401 24 - 1.137 ms[35m[39m
[35m[35m[35m[39m
2023-09-10 15:51:35:5135 [31m[31merror[31m[39m: [31m[31mAuthorizationError unauthorized refresh token[31m[39m
2023-09-10 15:51:35:5135 [35m[35mhttp[35m[39m: [35m[35mGET /auth/refresh 401 58 - 2.272 ms[35m[39m
[35m[35m[35m[39m
2023-09-10 15:51:36:5136 [35m[35mhttp[35m[39m: [35m[35mGET /api/user/me 401 24 - 1.126 ms[35m[39m
[35m[35m[35m[39m
2023-09-10 15:51:36:5136 [31m[31merror[31m[39m: [31m[31mAuthorizationError unauthorized refresh token[31m[39m
2023-09-10 15:51:36:5136 [35m[35mhttp[35m[39m: [35m[35mGET /auth/refresh 401 58 - 1.171 ms[35m[39m
[35m[35m[35m[39m
2023-09-10 15:51:46:5146 [35m[35mhttp[35m[39m: [35m[35mOPTIONS /auth/login 204 0 - 1.226 ms[35m[39m
[35m[35m[35m[39m
2023-09-10 15:51:47:5147 [35m[35mhttp[35m[39m: [35m[35mPOST /auth/login 200 210 - 112.949 ms[35m[39m
[35m[35m[35m[39m
2023-09-10 15:51:51:5151 [35m[35mhttp[35m[39m: [35m[35mOPTIONS /auth/login 204 0 - 0.311 ms[35m[39m
[35m[35m[35m[39m
2023-09-10 15:51:51:5151 [35m[35mhttp[35m[39m: [35m[35mPOST /auth/login 200 210 - 66.962 ms[35m[39m
[35m[35m[35m[39m
2023-09-10 15:51:53:5153 [35m[35mhttp[35m[39m: [35m[35mGET /api/user/me 401 24 - 4.491 ms[35m[39m
[35m[35m[35m[39m
2023-09-10 15:51:53:5153 [35m[35mhttp[35m[39m: [35m[35mGET /auth/refresh 200 210 - 4.909 ms[35m[39m
[35m[35m[35m[39m
2023-09-10 15:51:53:5153 [35m[35mhttp[35m[39m: [35m[35mOPTIONS /api/user/me 204 0 - 0.167 ms[35m[39m
[35m[35m[35m[39m
2023-09-10 15:51:53:5153 [35m[35mhttp[35m[39m: [35m[35mGET /api/user/me 200 59 - 10.073 ms[35m[39m
[35m[35m[35m[39m
2023-09-10 15:54:02:542 [35m[35mhttp[35m[39m: [35m[35mOPTIONS /auth/logout 204 0 - 0.253 ms[35m[39m
[35m[35m[35m[39m
2023-09-10 15:54:02:542 [35m[35mhttp[35m[39m: [35m[35mPOST /auth/logout 200 33 - 0.704 ms[35m[39m
[35m[35m[35m[39m
2023-09-10 15:54:04:544 [35m[35mhttp[35m[39m: [35m[35mGET /api/user/me 401 24 - 13.050 ms[35m[39m
[35m[35m[35m[39m
2023-09-10 15:54:04:544 [31m[31merror[31m[39m: [31m[31mAuthorizationError unauthorized refresh token[31m[39m
2023-09-10 15:54:04:544 [35m[35mhttp[35m[39m: [35m[35mGET /auth/refresh 401 58 - 1.710 ms[35m[39m
[35m[35m[35m[39m
2023-09-10 15:54:05:545 [35m[35mhttp[35m[39m: [35m[35mGET /api/user/me 401 24 - 0.842 ms[35m[39m
[35m[35m[35m[39m
2023-09-10 15:54:05:545 [31m[31merror[31m[39m: [31m[31mAuthorizationError unauthorized refresh token[31m[39m
2023-09-10 15:54:05:545 [35m[35mhttp[35m[39m: [35m[35mGET /auth/refresh 401 58 - 1.410 ms[35m[39m
[35m[35m[35m[39m
2023-09-10 15:54:17:5417 [35m[35mhttp[35m[39m: [35m[35mOPTIONS /auth/login 204 0 - 0.190 ms[35m[39m
[35m[35m[35m[39m
2023-09-10 15:54:17:5417 [35m[35mhttp[35m[39m: [35m[35mPOST /auth/login 200 210 - 69.986 ms[35m[39m
[35m[35m[35m[39m
2023-09-10 15:54:28:5428 [35m[35mhttp[35m[39m: [35m[35mGET /api/user/me 401 24 - 2.162 ms[35m[39m
[35m[35m[35m[39m
2023-09-10 15:54:28:5428 [35m[35mhttp[35m[39m: [35m[35mGET /auth/refresh 200 210 - 3.644 ms[35m[39m
[35m[35m[35m[39m
2023-09-10 15:54:28:5428 [35m[35mhttp[35m[39m: [35m[35mOPTIONS /api/user/me 204 0 - 0.229 ms[35m[39m
[35m[35m[35m[39m
2023-09-10 15:54:28:5428 [35m[35mhttp[35m[39m: [35m[35mGET /api/user/me 304 - - 6.030 ms[35m[39m
[35m[35m[35m[39m
2023-09-10 15:55:04:554 [35m[35mhttp[35m[39m: [35m[35mOPTIONS /auth/logout 204 0 - 0.196 ms[35m[39m
[35m[35m[35m[39m
2023-09-10 15:55:04:554 [35m[35mhttp[35m[39m: [35m[35mPOST /auth/logout 200 33 - 1.727 ms[35m[39m
[35m[35m[35m[39m
2023-09-10 15:55:08:558 [35m[35mhttp[35m[39m: [35m[35mPOST /auth/logout 200 33 - 0.457 ms[35m[39m
[35m[35m[35m[39m
2023-09-10 15:55:09:559 [35m[35mhttp[35m[39m: [35m[35mPOST /auth/logout 200 33 - 0.399 ms[35m[39m
[35m[35m[35m[39m
2023-09-10 15:55:10:5510 [35m[35mhttp[35m[39m: [35m[35mGET /api/user/me 401 24 - 1.647 ms[35m[39m
[35m[35m[35m[39m
2023-09-10 15:55:10:5510 [31m[31merror[31m[39m: [31m[31mAuthorizationError unauthorized refresh token[31m[39m
2023-09-10 15:55:10:5510 [35m[35mhttp[35m[39m: [35m[35mGET /auth/refresh 401 58 - 2.440 ms[35m[39m
[35m[35m[35m[39m
2023-09-10 15:55:11:5511 [35m[35mhttp[35m[39m: [35m[35mGET /api/user/me 401 24 - 0.989 ms[35m[39m
[35m[35m[35m[39m
2023-09-10 15:55:11:5511 [31m[31merror[31m[39m: [31m[31mAuthorizationError unauthorized refresh token[31m[39m
2023-09-10 15:55:11:5511 [35m[35mhttp[35m[39m: [35m[35mGET /auth/refresh 401 58 - 0.998 ms[35m[39m
[35m[35m[35m[39m
2023-09-10 15:55:20:5520 [35m[35mhttp[35m[39m: [35m[35mOPTIONS /auth/login 204 0 - 0.196 ms[35m[39m
[35m[35m[35m[39m
2023-09-10 15:55:21:5521 [35m[35mhttp[35m[39m: [35m[35mPOST /auth/login 200 210 - 68.252 ms[35m[39m
[35m[35m[35m[39m
2023-09-10 18:25:47:2547 [35m[35mhttp[35m[39m: [35m[35mOPTIONS /auth/login 204 0 - 0.195 ms[35m[39m
[35m[35m[35m[39m
2023-09-10 18:25:47:2547 [35m[35mhttp[35m[39m: [35m[35mPOST /auth/login 200 210 - 68.973 ms[35m[39m
[35m[35m[35m[39m
2023-09-10 18:25:53:2553 [35m[35mhttp[35m[39m: [35m[35mGET /api/user/me 401 24 - 1.755 ms[35m[39m
[35m[35m[35m[39m
2023-09-10 18:25:53:2553 [35m[35mhttp[35m[39m: [35m[35mGET /auth/refresh 200 210 - 3.421 ms[35m[39m
[35m[35m[35m[39m
2023-09-10 18:25:53:2553 [35m[35mhttp[35m[39m: [35m[35mOPTIONS /api/user/me 204 0 - 0.172 ms[35m[39m
[35m[35m[35m[39m
2023-09-10 18:25:53:2553 [35m[35mhttp[35m[39m: [35m[35mGET /api/user/me 304 - - 7.251 ms[35m[39m
[35m[35m[35m[39m
2023-09-10 18:26:19:2619 [35m[35mhttp[35m[39m: [35m[35mGET /api/user/me 401 24 - 1.388 ms[35m[39m
[35m[35m[35m[39m
2023-09-10 18:26:19:2619 [35m[35mhttp[35m[39m: [35m[35mGET /auth/refresh 200 210 - 2.731 ms[35m[39m
[35m[35m[35m[39m
2023-09-10 18:26:19:2619 [35m[35mhttp[35m[39m: [35m[35mOPTIONS /api/user/me 204 0 - 0.971 ms[35m[39m
[35m[35m[35m[39m
2023-09-10 18:26:19:2619 [35m[35mhttp[35m[39m: [35m[35mGET /api/user/me 304 - - 5.791 ms[35m[39m
[35m[35m[35m[39m
2023-09-10 18:32:03:323 [35m[35mhttp[35m[39m: [35m[35mGET /api/user/me 401 24 - 1.833 ms[35m[39m
[35m[35m[35m[39m
2023-09-10 18:32:03:323 [35m[35mhttp[35m[39m: [35m[35mGET /auth/refresh 200 210 - 3.029 ms[35m[39m
[35m[35m[35m[39m
2023-09-10 18:32:03:323 [35m[35mhttp[35m[39m: [35m[35mOPTIONS /api/user/me 204 0 - 0.171 ms[35m[39m
[35m[35m[35m[39m
2023-09-10 18:32:03:323 [35m[35mhttp[35m[39m: [35m[35mGET /api/user/me 304 - - 5.517 ms[35m[39m
[35m[35m[35m[39m
2023-09-10 18:32:04:324 [35m[35mhttp[35m[39m: [35m[35mGET /api/user/me 401 24 - 6.233 ms[35m[39m
[35m[35m[35m[39m
2023-09-10 18:32:04:324 [35m[35mhttp[35m[39m: [35m[35mGET /auth/refresh 200 210 - 2.935 ms[35m[39m
[35m[35m[35m[39m
2023-09-10 18:32:04:324 [35m[35mhttp[35m[39m: [35m[35mGET /api/user/me 304 - - 7.052 ms[35m[39m
[35m[35m[35m[39m
2023-09-10 18:33:39:3339 [35m[35mhttp[35m[39m: [35m[35mGET /api/user/me 401 24 - 1.950 ms[35m[39m
[35m[35m[35m[39m
2023-09-10 18:33:39:3339 [35m[35mhttp[35m[39m: [35m[35mGET /auth/refresh 200 210 - 4.300 ms[35m[39m
[35m[35m[35m[39m
2023-09-10 18:33:39:3339 [35m[35mhttp[35m[39m: [35m[35mOPTIONS /api/user/me 204 0 - 0.202 ms[35m[39m
[35m[35m[35m[39m
2023-09-10 18:33:39:3339 [35m[35mhttp[35m[39m: [35m[35mGET /api/user/me 304 - - 6.774 ms[35m[39m
[35m[35m[35m[39m
2023-09-10 18:33:44:3344 [35m[35mhttp[35m[39m: [35m[35mGET /api/user/me 401 24 - 0.946 ms[35m[39m
[35m[35m[35m[39m
2023-09-10 18:33:44:3344 [35m[35mhttp[35m[39m: [35m[35mGET /auth/refresh 200 210 - 2.575 ms[35m[39m
[35m[35m[35m[39m
2023-09-10 18:33:44:3344 [35m[35mhttp[35m[39m: [35m[35mGET /api/user/me 304 - - 8.576 ms[35m[39m
[35m[35m[35m[39m
2023-09-10 18:33:49:3349 [35m[35mhttp[35m[39m: [35m[35mGET /api/user/me 401 24 - 1.564 ms[35m[39m
[35m[35m[35m[39m
2023-09-10 18:33:49:3349 [35m[35mhttp[35m[39m: [35m[35mGET /auth/refresh 200 210 - 2.823 ms[35m[39m
[35m[35m[35m[39m
2023-09-10 18:33:49:3349 [35m[35mhttp[35m[39m: [35m[35mOPTIONS /api/user/me 204 0 - 0.172 ms[35m[39m
[35m[35m[35m[39m
2023-09-10 18:33:49:3349 [35m[35mhttp[35m[39m: [35m[35mGET /api/user/me 304 - - 7.889 ms[35m[39m
[35m[35m[35m[39m
2023-09-10 18:34:07:347 [35m[35mhttp[35m[39m: [35m[35mGET /api/user/me 401 24 - 2.820 ms[35m[39m
[35m[35m[35m[39m
2023-09-10 18:34:07:347 [35m[35mhttp[35m[39m: [35m[35mGET /auth/refresh 200 210 - 3.009 ms[35m[39m
[35m[35m[35m[39m
2023-09-10 18:34:07:347 [35m[35mhttp[35m[39m: [35m[35mOPTIONS /api/user/me 204 0 - 0.481 ms[35m[39m
[35m[35m[35m[39m
2023-09-10 18:34:07:347 [35m[35mhttp[35m[39m: [35m[35mGET /api/user/me 304 - - 5.717 ms[35m[39m
[35m[35m[35m[39m
2023-09-10 18:34:29:3429 [35m[35mhttp[35m[39m: [35m[35mGET /api/user/me 401 24 - 5.491 ms[35m[39m
[35m[35m[35m[39m
2023-09-10 18:34:29:3429 [35m[35mhttp[35m[39m: [35m[35mGET /auth/refresh 200 210 - 2.958 ms[35m[39m
[35m[35m[35m[39m
2023-09-10 18:34:29:3429 [35m[35mhttp[35m[39m: [35m[35mOPTIONS /api/user/me 204 0 - 0.154 ms[35m[39m
[35m[35m[35m[39m
2023-09-10 18:34:29:3429 [35m[35mhttp[35m[39m: [35m[35mGET /api/user/me 304 - - 5.734 ms[35m[39m
[35m[35m[35m[39m
2023-09-10 18:34:30:3430 [35m[35mhttp[35m[39m: [35m[35mGET /api/user/me 401 24 - 1.680 ms[35m[39m
[35m[35m[35m[39m
2023-09-10 18:34:30:3430 [35m[35mhttp[35m[39m: [35m[35mGET /auth/refresh 200 210 - 2.672 ms[35m[39m
[35m[35m[35m[39m
2023-09-10 18:34:31:3431 [35m[35mhttp[35m[39m: [35m[35mGET /api/user/me 304 - - 7.221 ms[35m[39m
[35m[35m[35m[39m
2023-09-10 18:34:50:3450 [35m[35mhttp[35m[39m: [35m[35mGET /api/user/me 401 24 - 4.079 ms[35m[39m
[35m[35m[35m[39m
2023-09-10 18:34:50:3450 [35m[35mhttp[35m[39m: [35m[35mGET /auth/refresh 200 210 - 2.472 ms[35m[39m
[35m[35m[35m[39m
2023-09-10 18:34:50:3450 [35m[35mhttp[35m[39m: [35m[35mOPTIONS /api/user/me 204 0 - 0.173 ms[35m[39m
[35m[35m[35m[39m
2023-09-10 18:34:50:3450 [35m[35mhttp[35m[39m: [35m[35mGET /api/user/me 304 - - 5.500 ms[35m[39m
[35m[35m[35m[39m
2023-09-10 18:36:22:3622 [35m[35mhttp[35m[39m: [35m[35mGET /api/user/me 401 24 - 1.115 ms[35m[39m
[35m[35m[35m[39m
2023-09-10 18:36:22:3622 [35m[35mhttp[35m[39m: [35m[35mGET /auth/refresh 200 210 - 3.757 ms[35m[39m
[35m[35m[35m[39m
2023-09-10 18:36:22:3622 [35m[35mhttp[35m[39m: [35m[35mOPTIONS /api/user/me 204 0 - 0.133 ms[35m[39m
[35m[35m[35m[39m
2023-09-10 18:36:22:3622 [35m[35mhttp[35m[39m: [35m[35mGET /api/user/me 304 - - 6.357 ms[35m[39m
[35m[35m[35m[39m
2023-09-10 18:37:49:3749 [35m[35mhttp[35m[39m: [35m[35mGET /api/user/me 401 24 - 1.444 ms[35m[39m
[35m[35m[35m[39m
2023-09-10 18:37:49:3749 [35m[35mhttp[35m[39m: [35m[35mGET /auth/refresh 200 210 - 2.801 ms[35m[39m
[35m[35m[35m[39m
2023-09-10 18:37:49:3749 [35m[35mhttp[35m[39m: [35m[35mOPTIONS /api/user/me 204 0 - 0.233 ms[35m[39m
[35m[35m[35m[39m
2023-09-10 18:37:49:3749 [35m[35mhttp[35m[39m: [35m[35mGET /api/user/me 304 - - 5.582 ms[35m[39m
[35m[35m[35m[39m
2023-09-10 18:37:50:3750 [35m[35mhttp[35m[39m: [35m[35mGET /api/user/me 401 24 - 1.099 ms[35m[39m
[35m[35m[35m[39m
2023-09-10 18:37:50:3750 [35m[35mhttp[35m[39m: [35m[35mGET /auth/refresh 200 210 - 2.614 ms[35m[39m
[35m[35m[35m[39m
2023-09-10 18:37:50:3750 [35m[35mhttp[35m[39m: [35m[35mGET /api/user/me 304 - - 7.100 ms[35m[39m
[35m[35m[35m[39m
2023-09-10 18:37:52:3752 [35m[35mhttp[35m[39m: [35m[35mGET /api/user/me 401 24 - 3.491 ms[35m[39m
[35m[35m[35m[39m
2023-09-10 18:37:52:3752 [35m[35mhttp[35m[39m: [35m[35mGET /auth/refresh 200 210 - 2.344 ms[35m[39m
[35m[35m[35m[39m
2023-09-10 18:37:53:3753 [35m[35mhttp[35m[39m: [35m[35mGET /api/user/me 304 - - 6.284 ms[35m[39m
[35m[35m[35m[39m
2023-09-10 18:38:55:3855 [35m[35mhttp[35m[39m: [35m[35mGET /api/user/me 401 24 - 4.655 ms[35m[39m
[35m[35m[35m[39m
2023-09-10 18:38:55:3855 [35m[35mhttp[35m[39m: [35m[35mGET /auth/refresh 200 210 - 2.909 ms[35m[39m
[35m[35m[35m[39m
2023-09-10 18:38:55:3855 [35m[35mhttp[35m[39m: [35m[35mOPTIONS /api/user/me 204 0 - 0.233 ms[35m[39m
[35m[35m[35m[39m
2023-09-10 18:38:55:3855 [35m[35mhttp[35m[39m: [35m[35mGET /api/user/me 304 - - 5.815 ms[35m[39m
[35m[35m[35m[39m
2023-09-10 18:39:09:399 [35m[35mhttp[35m[39m: [35m[35mGET /api/user/me 401 24 - 1.896 ms[35m[39m
[35m[35m[35m[39m
2023-09-10 18:39:09:399 [35m[35mhttp[35m[39m: [35m[35mGET /auth/refresh 200 210 - 3.883 ms[35m[39m
[35m[35m[35m[39m
2023-09-10 18:39:09:399 [35m[35mhttp[35m[39m: [35m[35mOPTIONS /api/user/me 204 0 - 0.677 ms[35m[39m
[35m[35m[35m[39m
2023-09-10 18:39:09:399 [35m[35mhttp[35m[39m: [35m[35mGET /api/user/me 304 - - 4.645 ms[35m[39m
[35m[35m[35m[39m
