2023-09-08 16:39:05:395 [34m[34minfo[34m[39m: [34m[34mServer is running on port 8082[34m[39m
2023-09-08 16:39:39:3939 [34m[34minfo[34m[39m: [34m[34mServer is running on port 8082[34m[39m
2023-09-08 16:39:51:3951 [34m[34minfo[34m[39m: [34m[34mServer is running on port 8082[34m[39m
2023-09-08 16:40:00:400 [34m[34minfo[34m[39m: [34m[34mServer is running on port 8082[34m[39m
2023-09-08 16:40:20:4020 [34m[34minfo[34m[39m: [34m[34mServer is running on port 8082[34m[39m
2023-09-08 16:41:16:4116 [34m[34minfo[34m[39m: [34m[34mServer is running on port 8082[34m[39m
2023-09-08 16:41:45:4145 [34m[34minfo[34m[39m: [34m[34mServer is running on port 8082[34m[39m
2023-09-08 16:41:50:4150 [34m[34minfo[34m[39m: [34m[34mServer is running on port 8082[34m[39m
2023-09-08 16:42:20:4220 [34m[34minfo[34m[39m: [34m[34mServer is running on port 8082[34m[39m
2023-09-08 16:45:50:4550 [35m[35mhttp[35m[39m: [35m[35mPOST /auth/register 201 5 - 114.657 ms[35m[39m
[35m[35m[35m[39m
2023-09-08 16:45:59:4559 [31m[31merror[31m[39m: [31m[31mUnknow error Code undefined : Code SQLITE_CONSTRAINT_UNIQUE : UNIQUE constraint failed: user.email  [31m[39m
2023-09-08 16:45:59:4559 [35m[35mhttp[35m[39m: [35m[35mPOST /auth/register 500 99 - 76.683 ms[35m[39m
[35m[35m[35m[39m
2023-09-08 16:47:23:4723 [34m[34minfo[34m[39m: [34m[34mServer is running on port 8082[34m[39m
2023-09-08 16:47:26:4726 [34m[34minfo[34m[39m: [34m[34mServer is running on port 8082[34m[39m
2023-09-08 16:48:11:4811 [34m[34minfo[34m[39m: [34m[34mServer is running on port 8082[34m[39m
2023-09-08 16:49:18:4918 [34m[34minfo[34m[39m: [34m[34mServer is running on port 8082[34m[39m
2023-09-08 16:49:18:4918 [31m[31merror[31m[39m: [31m[31mDatabaseError Code undefined : Code SQLITE_CONSTRAINT_UNIQUE : UNIQUE constraint failed: user.email  [31m[39m
2023-09-08 16:49:18:4918 [35m[35mhttp[35m[39m: [35m[35mPOST /auth/register 500 33 - 81.550 ms[35m[39m
[35m[35m[35m[39m
2023-09-08 16:49:22:4922 [31m[31merror[31m[39m: [31m[31mDatabaseError Code undefined : Code SQLITE_CONSTRAINT_UNIQUE : UNIQUE constraint failed: user.email  [31m[39m
2023-09-08 16:49:22:4922 [35m[35mhttp[35m[39m: [35m[35mPOST /auth/register 500 33 - 66.446 ms[35m[39m
[35m[35m[35m[39m
2023-09-08 16:50:33:5033 [34m[34minfo[34m[39m: [34m[34mServer is running on port 8082[34m[39m
2023-09-08 16:50:36:5036 [34m[34minfo[34m[39m: [34m[34mServer is running on port 8082[34m[39m
2023-09-08 16:50:48:5048 [35m[35mhttp[35m[39m: [35m[35mPOST /auth/register 201 5 - 87.723 ms[35m[39m
[35m[35m[35m[39m
2023-09-08 16:51:15:5115 [34m[34minfo[34m[39m: [34m[34mServer is running on port 8082[34m[39m
2023-09-08 16:51:22:5122 [35m[35mhttp[35m[39m: [35m[35mPOST /auth/register 201 5 - 88.704 ms[35m[39m
[35m[35m[35m[39m
2023-09-08 16:51:51:5151 [34m[34minfo[34m[39m: [34m[34mServer is running on port 8082[34m[39m
2023-09-08 16:52:06:526 [35m[35mhttp[35m[39m: [35m[35mPOST /auth/register 201 4 - 145.732 ms[35m[39m
[35m[35m[35m[39m
2023-09-08 16:54:26:5426 [34m[34minfo[34m[39m: [34m[34mServer is running on port 8082[34m[39m
2023-09-08 16:55:47:5547 [31m[31merror[31m[39m: [31m[31mValidationError Schema is not valid[31m[39m
2023-09-08 16:55:47:5547 [35m[35mhttp[35m[39m: [35m[35mPOST /auth/login 404 52 - 7.078 ms[35m[39m
[35m[35m[35m[39m
2023-09-08 16:57:28:5728 [34m[34minfo[34m[39m: [34m[34mServer is running on port 8082[34m[39m
2023-09-08 16:57:28:5728 [31m[31merror[31m[39m: [31m[31mValidationError Schema is not valid [object Object][31m[39m
2023-09-08 16:57:28:5728 [35m[35mhttp[35m[39m: [35m[35mPOST /auth/login 404 24 - 6.093 ms[35m[39m
[35m[35m[35m[39m
2023-09-08 16:58:47:5847 [35m[35mhttp[35m[39m: [35m[35mPOST /auth/login 200 154 - 147.421 ms[35m[39m
[35m[35m[35m[39m
2023-09-08 17:00:19:019 [34m[34minfo[34m[39m: [34m[34mServer is running on port 8082[34m[39m
2023-09-08 17:00:27:027 [35m[35mhttp[35m[39m: [35m[35mPOST /auth/login 200 154 - 151.564 ms[35m[39m
[35m[35m[35m[39m
2023-09-08 17:00:54:054 [34m[34minfo[34m[39m: [34m[34mcacheOrGetCacheData is called[34m[39m
2023-09-08 17:00:54:054 [34m[34minfo[34m[39m: [34m[34mcache value is empty[34m[39m
2023-09-08 17:00:54:054 [35m[35mhttp[35m[39m: [35m[35mGET /api/profile 200 937 - 7.753 ms[35m[39m
[35m[35m[35m[39m
2023-09-08 17:01:21:121 [34m[34minfo[34m[39m: [34m[34mServer is running on port 8082[34m[39m
2023-09-08 17:01:45:145 [34m[34minfo[34m[39m: [34m[34mServer is running on port 8082[34m[39m
2023-09-08 17:01:52:152 [31m[31merror[31m[39m: [31m[31mUserInputError Password didn't match[31m[39m
2023-09-08 17:01:52:152 [35m[35mhttp[35m[39m: [35m[35mPOST /auth/login 400 29 - 143.305 ms[35m[39m
[35m[35m[35m[39m
2023-09-08 17:02:05:25 [35m[35mhttp[35m[39m: [35m[35mPOST /auth/login 200 154 - 132.289 ms[35m[39m
[35m[35m[35m[39m
2023-09-08 17:02:21:221 [34m[34minfo[34m[39m: [34m[34mServer is running on port 8082[34m[39m
2023-09-08 17:02:54:254 [34m[34minfo[34m[39m: [34m[34mServer is running on port 8082[34m[39m
2023-09-08 17:03:32:332 [34m[34minfo[34m[39m: [34m[34mServer is running on port 8082[34m[39m
2023-09-08 17:03:39:339 [34m[34minfo[34m[39m: [34m[34mServer is running on port 8082[34m[39m
2023-09-08 17:04:16:416 [34m[34minfo[34m[39m: [34m[34mServer is running on port 8082[34m[39m
2023-09-08 17:04:36:436 [34m[34minfo[34m[39m: [34m[34mServer is running on port 8082[34m[39m
2023-09-08 17:05:06:56 [34m[34minfo[34m[39m: [34m[34mServer is running on port 8082[34m[39m
2023-09-08 17:06:17:617 [34m[34minfo[34m[39m: [34m[34mServer is running on port 8082[34m[39m
2023-09-08 17:08:08:88 [34m[34minfo[34m[39m: [34m[34mServer is running on port 8082[34m[39m
2023-09-08 17:08:17:817 [34m[34minfo[34m[39m: [34m[34mServer is running on port 8082[34m[39m
2023-09-08 17:08:51:851 [34m[34minfo[34m[39m: [34m[34mServer is running on port 8082[34m[39m
2023-09-08 17:12:17:1217 [34m[34minfo[34m[39m: [34m[34mServer is running on port 8082[34m[39m
2023-09-08 17:12:33:1233 [34m[34minfo[34m[39m: [34m[34mServer is running on port 8082[34m[39m
2023-09-08 17:12:55:1255 [34m[34minfo[34m[39m: [34m[34mServer is running on port 8082[34m[39m
2023-09-08 17:13:01:131 [34m[34minfo[34m[39m: [34m[34mServer is running on port 8082[34m[39m
2023-09-08 17:13:06:136 [34m[34minfo[34m[39m: [34m[34mServer is running on port 8082[34m[39m
2023-09-08 18:11:22:1122 [34m[34minfo[34m[39m: [34m[34mServer is running on port 8082[34m[39m
2023-09-08 18:12:33:1233 [34m[34minfo[34m[39m: [34m[34mServer is running on port 8082[34m[39m
2023-09-08 18:12:51:1251 [34m[34minfo[34m[39m: [34m[34mServer is running on port 8082[34m[39m
2023-09-08 18:12:57:1257 [34m[34minfo[34m[39m: [34m[34mServer is running on port 8082[34m[39m
2023-09-08 18:13:20:1320 [34m[34minfo[34m[39m: [34m[34mServer is running on port 8082[34m[39m
2023-09-08 18:13:59:1359 [34m[34minfo[34m[39m: [34m[34mServer is running on port 8082[34m[39m
2023-09-08 18:14:20:1420 [34m[34minfo[34m[39m: [34m[34mServer is running on port 8082[34m[39m
2023-09-08 18:14:50:1450 [34m[34minfo[34m[39m: [34m[34mServer is running on port 8082[34m[39m
2023-09-08 18:14:57:1457 [34m[34minfo[34m[39m: [34m[34mServer is running on port 8082[34m[39m
2023-09-08 18:16:55:1655 [34m[34minfo[34m[39m: [34m[34mServer is running on port 8082[34m[39m
2023-09-08 18:17:00:170 [34m[34minfo[34m[39m: [34m[34mServer is running on port 8082[34m[39m
2023-09-08 18:20:20:2020 [34m[34minfo[34m[39m: [34m[34mServer is running on port 8082[34m[39m
2023-09-08 18:20:38:2038 [34m[34minfo[34m[39m: [34m[34mServer is running on port 8082[34m[39m
2023-09-08 18:21:04:214 [31m[31merror[31m[39m: [31m[31mValidationError Schema is not valid [object Object][31m[39m
2023-09-08 18:21:04:214 [35m[35mhttp[35m[39m: [35m[35mPOST /auth/register 404 24 - 18.732 ms[35m[39m
[35m[35m[35m[39m
2023-09-08 18:21:05:215 [31m[31merror[31m[39m: [31m[31mValidationError Schema is not valid [object Object][31m[39m
2023-09-08 18:21:05:215 [35m[35mhttp[35m[39m: [35m[35mPOST /auth/register 404 24 - 3.043 ms[35m[39m
[35m[35m[35m[39m
2023-09-08 18:22:11:2211 [34m[34minfo[34m[39m: [34m[34mServer is running on port 8082[34m[39m
2023-09-08 18:22:27:2227 [34m[34minfo[34m[39m: [34m[34mServer is running on port 8082[34m[39m
2023-09-08 18:23:20:2320 [34m[34minfo[34m[39m: [34m[34mServer is running on port 8082[34m[39m
2023-09-08 18:24:41:2441 [34m[34minfo[34m[39m: [34m[34mServer is running on port 8082[34m[39m
2023-09-08 18:24:46:2446 [34m[34minfo[34m[39m: [34m[34mServer is running on port 8082[34m[39m
2023-09-08 18:24:52:2452 [34m[34minfo[34m[39m: [34m[34mServer is running on port 8082[34m[39m
2023-09-08 18:25:56:2556 [34m[34minfo[34m[39m: [34m[34mServer is running on port 8082[34m[39m
2023-09-08 18:26:13:2613 [34m[34minfo[34m[39m: [34m[34mServer is running on port 8082[34m[39m
2023-09-08 18:26:23:2623 [34m[34minfo[34m[39m: [34m[34mServer is running on port 8082[34m[39m
2023-09-08 18:26:56:2656 [34m[34minfo[34m[39m: [34m[34mServer is running on port 8082[34m[39m
2023-09-08 18:27:07:277 [34m[34minfo[34m[39m: [34m[34mServer is running on port 8082[34m[39m
2023-09-08 18:28:27:2827 [34m[34minfo[34m[39m: [34m[34mServer is running on port 8082[34m[39m
2023-09-08 18:29:52:2952 [34m[34minfo[34m[39m: [34m[34mServer is running on port 8082[34m[39m
2023-09-08 18:30:30:3030 [34m[34minfo[34m[39m: [34m[34mServer is running on port 8082[34m[39m
2023-09-08 18:30:41:3041 [34m[34minfo[34m[39m: [34m[34mServer is running on port 8082[34m[39m
2023-09-08 18:31:05:315 [34m[34minfo[34m[39m: [34m[34mServer is running on port 8082[34m[39m
2023-09-08 18:32:10:3210 [34m[34minfo[34m[39m: [34m[34mServer is running on port 8082[34m[39m
2023-09-08 18:33:03:333 [34m[34minfo[34m[39m: [34m[34mServer is running on port 8082[34m[39m
2023-09-08 18:33:59:3359 [34m[34minfo[34m[39m: [34m[34mServer is running on port 8082[34m[39m
2023-09-08 18:34:04:344 [34m[34minfo[34m[39m: [34m[34mServer is running on port 8082[34m[39m
2023-09-08 18:34:09:349 [34m[34minfo[34m[39m: [34m[34mServer is running on port 8082[34m[39m
2023-09-08 18:35:13:3513 [34m[34minfo[34m[39m: [34m[34mServer is running on port 8082[34m[39m
2023-09-08 18:35:35:3535 [34m[34minfo[34m[39m: [34m[34mServer is running on port 8082[34m[39m
2023-09-08 18:36:41:3641 [34m[34minfo[34m[39m: [34m[34mServer is running on port 8082[34m[39m
2023-09-08 18:37:15:3715 [34m[34minfo[34m[39m: [34m[34mServer is running on port 8082[34m[39m
2023-09-08 18:39:28:3928 [34m[34minfo[34m[39m: [34m[34mServer is running on port 8082[34m[39m
2023-09-08 18:39:41:3941 [34m[34minfo[34m[39m: [34m[34mServer is running on port 8082[34m[39m
2023-09-08 18:39:45:3945 [34m[34minfo[34m[39m: [34m[34mServer is running on port 8082[34m[39m
2023-09-08 18:39:51:3951 [34m[34minfo[34m[39m: [34m[34mServer is running on port 8082[34m[39m
2023-09-08 18:40:33:4033 [34m[34minfo[34m[39m: [34m[34mServer is running on port 8082[34m[39m
2023-09-08 18:40:40:4040 [34m[34minfo[34m[39m: [34m[34mServer is running on port 8082[34m[39m
2023-09-08 18:41:29:4129 [34m[34minfo[34m[39m: [34m[34mServer is running on port 8082[34m[39m
2023-09-08 18:41:46:4146 [34m[34minfo[34m[39m: [34m[34mServer is running on port 8082[34m[39m
2023-09-08 18:42:52:4252 [34m[34minfo[34m[39m: [34m[34mServer is running on port 8082[34m[39m
2023-09-08 18:43:31:4331 [34m[34minfo[34m[39m: [34m[34mServer is running on port 8082[34m[39m
2023-09-08 18:44:25:4425 [34m[34minfo[34m[39m: [34m[34mServer is running on port 8082[34m[39m
2023-09-08 18:44:37:4437 [34m[34minfo[34m[39m: [34m[34mServer is running on port 8082[34m[39m
2023-09-08 18:45:08:458 [34m[34minfo[34m[39m: [34m[34mServer is running on port 8082[34m[39m
2023-09-08 18:45:17:4517 [34m[34minfo[34m[39m: [34m[34mServer is running on port 8082[34m[39m
2023-09-08 18:46:01:461 [34m[34minfo[34m[39m: [34m[34mServer is running on port 8082[34m[39m
2023-09-08 18:46:10:4610 [34m[34minfo[34m[39m: [34m[34mServer is running on port 8082[34m[39m
2023-09-08 18:47:26:4726 [34m[34minfo[34m[39m: [34m[34mServer is running on port 8082[34m[39m
2023-09-08 18:49:04:494 [34m[34minfo[34m[39m: [34m[34mServer is running on port 8082[34m[39m
2023-09-08 18:49:23:4923 [34m[34minfo[34m[39m: [34m[34mServer is running on port 8082[34m[39m
2023-09-08 18:49:28:4928 [34m[34minfo[34m[39m: [34m[34mServer is running on port 8082[34m[39m
2023-09-08 18:58:02:582 [34m[34minfo[34m[39m: [34m[34mServer is running on port 8082[34m[39m
2023-09-08 18:58:53:5853 [34m[34minfo[34m[39m: [34m[34mServer is running on port 8082[34m[39m
2023-09-08 18:59:09:599 [34m[34minfo[34m[39m: [34m[34mServer is running on port 8082[34m[39m
2023-09-08 18:59:57:5957 [34m[34minfo[34m[39m: [34m[34mServer is running on port 8082[34m[39m
2023-09-08 19:00:15:015 [34m[34minfo[34m[39m: [34m[34mServer is running on port 8082[34m[39m
2023-09-08 19:00:24:024 [34m[34minfo[34m[39m: [34m[34mServer is running on port 8082[34m[39m
2023-09-08 19:00:42:042 [34m[34minfo[34m[39m: [34m[34mServer is running on port 8082[34m[39m
2023-09-08 19:01:02:12 [34m[34minfo[34m[39m: [34m[34mServer is running on port 8082[34m[39m
2023-09-08 19:53:47:5347 [34m[34minfo[34m[39m: [34m[34mServer is running on port 8082[34m[39m
2023-09-08 19:54:59:5459 [35m[35mhttp[35m[39m: [35m[35mOPTIONS /auth/login 204 0 - 2.920 ms[35m[39m
[35m[35m[35m[39m
2023-09-08 19:54:59:5459 [31m[31merror[31m[39m: [31m[31mValidationError Schema is not valid [object Object][31m[39m
2023-09-08 19:54:59:5459 [35m[35mhttp[35m[39m: [35m[35mPOST /auth/login 404 24 - 16.928 ms[35m[39m
[35m[35m[35m[39m
2023-09-08 19:55:52:5552 [35m[35mhttp[35m[39m: [35m[35mOPTIONS /auth/login 204 0 - 0.282 ms[35m[39m
[35m[35m[35m[39m
2023-09-08 19:55:52:5552 [31m[31merror[31m[39m: [31m[31mValidationError Schema is not valid [object Object][31m[39m
2023-09-08 19:55:52:5552 [35m[35mhttp[35m[39m: [35m[35mPOST /auth/login 404 24 - 3.861 ms[35m[39m
[35m[35m[35m[39m
2023-09-08 19:56:01:561 [35m[35mhttp[35m[39m: [35m[35mOPTIONS /auth/login 204 0 - 0.221 ms[35m[39m
[35m[35m[35m[39m
2023-09-08 19:56:01:561 [31m[31merror[31m[39m: [31m[31mValidationError Schema is not valid [object Object][31m[39m
2023-09-08 19:56:01:561 [35m[35mhttp[35m[39m: [35m[35mPOST /auth/login 404 24 - 1.819 ms[35m[39m
[35m[35m[35m[39m
2023-09-08 19:56:32:5632 [34m[34minfo[34m[39m: [34m[34mServer is running on port 8082[34m[39m
2023-09-08 19:56:36:5636 [35m[35mhttp[35m[39m: [35m[35mOPTIONS /auth/login 204 0 - 1.694 ms[35m[39m
[35m[35m[35m[39m
2023-09-08 19:56:36:5636 [31m[31merror[31m[39m: [31m[31mValidationError Schema is not valid [object Object][31m[39m
2023-09-08 19:56:36:5636 [35m[35mhttp[35m[39m: [35m[35mPOST /auth/login 404 24 - 18.310 ms[35m[39m
[35m[35m[35m[39m
2023-09-08 19:56:38:5638 [31m[31merror[31m[39m: [31m[31mValidationError Schema is not valid [object Object][31m[39m
2023-09-08 19:56:38:5638 [35m[35mhttp[35m[39m: [35m[35mPOST /auth/login 404 24 - 3.528 ms[35m[39m
[35m[35m[35m[39m
2023-09-08 19:56:38:5638 [31m[31merror[31m[39m: [31m[31mValidationError Schema is not valid [object Object][31m[39m
2023-09-08 19:56:38:5638 [35m[35mhttp[35m[39m: [35m[35mPOST /auth/login 404 24 - 1.692 ms[35m[39m
[35m[35m[35m[39m
2023-09-08 19:57:15:5715 [34m[34minfo[34m[39m: [34m[34mServer is running on port 8082[34m[39m
2023-09-08 19:57:40:5740 [34m[34minfo[34m[39m: [34m[34mServer is running on port 8082[34m[39m
2023-09-08 19:57:47:5747 [35m[35mhttp[35m[39m: [35m[35mOPTIONS /auth/login 204 0 - 1.646 ms[35m[39m
[35m[35m[35m[39m
2023-09-08 19:57:47:5747 [31m[31merror[31m[39m: [31m[31mUnknow error Cannot read properties of undefined (reading 'password')[31m[39m
2023-09-08 19:57:47:5747 [35m[35mhttp[35m[39m: [35m[35mPOST /auth/login 500 68 - 26.702 ms[35m[39m
[35m[35m[35m[39m
2023-09-08 19:58:37:5837 [35m[35mhttp[35m[39m: [35m[35mOPTIONS /auth/login 204 0 - 0.412 ms[35m[39m
[35m[35m[35m[39m
2023-09-08 19:58:37:5837 [35m[35mhttp[35m[39m: [35m[35mPOST /auth/login 200 155 - 74.058 ms[35m[39m
[35m[35m[35m[39m
2023-09-08 20:00:47:047 [35m[35mhttp[35m[39m: [35m[35mOPTIONS /auth/login 204 0 - 0.445 ms[35m[39m
[35m[35m[35m[39m
2023-09-08 20:00:47:047 [31m[31merror[31m[39m: [31m[31mUserInputError Password didn't match[31m[39m
2023-09-08 20:00:47:047 [35m[35mhttp[35m[39m: [35m[35mPOST /auth/login 400 29 - 68.728 ms[35m[39m
[35m[35m[35m[39m
2023-09-08 20:05:36:536 [35m[35mhttp[35m[39m: [35m[35mOPTIONS /auth/login 204 0 - 0.441 ms[35m[39m
[35m[35m[35m[39m
2023-09-08 20:05:36:536 [35m[35mhttp[35m[39m: [35m[35mPOST /auth/login 200 155 - 68.011 ms[35m[39m
[35m[35m[35m[39m
2023-09-08 20:15:32:1532 [34m[34minfo[34m[39m: [34m[34mServer is running on port 8082[34m[39m
2023-09-08 20:16:15:1615 [34m[34minfo[34m[39m: [34m[34mServer is running on port 8082[34m[39m
2023-09-08 20:16:21:1621 [31m[31merror[31m[39m: [31m[31mAuthorizationError Unauthorized user[31m[39m
2023-09-08 20:16:21:1621 [35m[35mhttp[35m[39m: [35m[35mPOST /auth/register 401 58 - 14.849 ms[35m[39m
[35m[35m[35m[39m
2023-09-08 20:16:47:1647 [31m[31merror[31m[39m: [31m[31mAuthorizationError Unauthorized user[31m[39m
2023-09-08 20:16:47:1647 [35m[35mhttp[35m[39m: [35m[35mPOST /auth/login 401 58 - 3.061 ms[35m[39m
[35m[35m[35m[39m
2023-09-08 20:16:48:1648 [31m[31merror[31m[39m: [31m[31mAuthorizationError Unauthorized user[31m[39m
2023-09-08 20:16:48:1648 [35m[35mhttp[35m[39m: [35m[35mPOST /auth/login 401 58 - 2.024 ms[35m[39m
[35m[35m[35m[39m
2023-09-08 20:18:24:1824 [34m[34minfo[34m[39m: [34m[34mServer is running on port 8082[34m[39m
2023-09-08 20:18:25:1825 [35m[35mhttp[35m[39m: [35m[35mPOST /auth/login 200 155 - 87.325 ms[35m[39m
[35m[35m[35m[39m
2023-09-08 20:18:53:1853 [31m[31merror[31m[39m: [31m[31mNotFoundError Request couldn't match any routes[31m[39m
2023-09-08 20:18:53:1853 [35m[35mhttp[35m[39m: [35m[35mGET /api/profile 404 37 - 6.617 ms[35m[39m
[35m[35m[35m[39m
2023-09-08 20:19:28:1928 [34m[34minfo[34m[39m: [34m[34mServer is running on port 8082[34m[39m
2023-09-08 20:19:29:1929 [34m[34minfo[34m[39m: [34m[34mcacheOrGetCacheData is called[34m[39m
2023-09-08 20:19:29:1929 [34m[34minfo[34m[39m: [34m[34mcache value is empty[34m[39m
2023-09-08 20:19:29:1929 [35m[35mhttp[35m[39m: [35m[35mGET /api/profile 200 937 - 14.370 ms[35m[39m
[35m[35m[35m[39m
2023-09-08 21:22:59:2259 [34m[34minfo[34m[39m: [34m[34mServer is running on port 8082[34m[39m
2023-09-08 21:23:02:232 [34m[34minfo[34m[39m: [34m[34mServer is running on port 8082[34m[39m
2023-09-08 21:23:32:2332 [34m[34minfo[34m[39m: [34m[34mServer is running on port 8082[34m[39m
2023-09-08 21:23:51:2351 [34m[34minfo[34m[39m: [34m[34mServer is running on port 8082[34m[39m
2023-09-08 21:25:19:2519 [34m[34minfo[34m[39m: [34m[34mServer is running on port 8082[34m[39m
2023-09-08 21:37:00:370 [34m[34minfo[34m[39m: [34m[34mServer is running on port 8082[34m[39m
2023-09-08 21:37:46:3746 [34m[34minfo[34m[39m: [34m[34mServer is running on port 8082[34m[39m
2023-09-08 21:38:51:3851 [34m[34minfo[34m[39m: [34m[34mServer is running on port 8082[34m[39m
2023-09-08 21:39:19:3919 [34m[34minfo[34m[39m: [34m[34mServer is running on port 8082[34m[39m
2023-09-08 21:39:48:3948 [34m[34minfo[34m[39m: [34m[34mServer is running on port 8082[34m[39m
2023-09-08 21:40:12:4012 [34m[34minfo[34m[39m: [34m[34mServer is running on port 8082[34m[39m
