2023-08-20 00:00:04:04 [34m[34minfo[34m[39m: [34m[34mServer is running on port 8080[34m[39m
2023-08-20 00:00:41:041 [34m[34minfo[34m[39m: [34m[34mServer is running on port 8080[34m[39m
2023-08-20 00:00:45:045 [34m[34minfo[34m[39m: [34m[34mServer is running on port 8080[34m[39m
2023-08-20 00:03:41:341 [34m[34minfo[34m[39m: [34m[34mServer is running on port 8080[34m[39m
2023-08-20 00:03:59:359 [34m[34minfo[34m[39m: [34m[34mServer is running on port 8080[34m[39m
2023-08-20 00:06:16:616 [34m[34minfo[34m[39m: [34m[34mServer is running on port 8080[34m[39m
2023-08-20 00:06:50:650 [34m[34minfo[34m[39m: [34m[34mServer is running on port 8080[34m[39m
2023-08-20 00:07:00:70 [34m[34minfo[34m[39m: [34m[34mServer is running on port 8080[34m[39m
2023-08-20 00:07:23:723 [34m[34minfo[34m[39m: [34m[34mServer is running on port 8080[34m[39m
2023-08-20 00:08:01:81 [34m[34minfo[34m[39m: [34m[34mServer is running on port 8080[34m[39m
2023-08-20 00:08:16:816 [34m[34minfo[34m[39m: [34m[34mServer is running on port 8080[34m[39m
2023-08-20 00:09:17:917 [34m[34minfo[34m[39m: [34m[34mServer is running on port 8080[34m[39m
2023-08-20 00:10:12:1012 [34m[34minfo[34m[39m: [34m[34mServer is running on port 8080[34m[39m
2023-08-20 00:10:19:1019 [34m[34minfo[34m[39m: [34m[34mServer is running on port 8080[34m[39m
2023-08-20 01:52:16:5216 [34m[34minfo[34m[39m: [34m[34mServer is running on port 8080[34m[39m
2023-08-20 01:52:59:5259 [34m[34minfo[34m[39m: [34m[34mServer is running on port 8080[34m[39m
2023-08-20 01:53:11:5311 [34m[34minfo[34m[39m: [34m[34mServer is running on port 8080[34m[39m
2023-08-20 01:53:32:5332 [34m[34minfo[34m[39m: [34m[34mServer is running on port 8080[34m[39m
2023-08-20 02:00:01:01 [34m[34minfo[34m[39m: [34m[34mServer is running on port 8080[34m[39m
2023-08-20 02:00:53:053 [34m[34minfo[34m[39m: [34m[34mServer is running on port 8080[34m[39m
2023-08-20 02:02:17:217 [34m[34minfo[34m[39m: [34m[34mServer is running on port 8080[34m[39m
2023-08-20 02:02:52:252 [34m[34minfo[34m[39m: [34m[34mServer is running on port 8080[34m[39m
2023-08-20 02:03:02:32 [34m[34minfo[34m[39m: [34m[34mServer is running on port 8080[34m[39m
2023-08-20 02:04:24:424 [34m[34minfo[34m[39m: [34m[34mServer is running on port 8080[34m[39m
2023-08-20 02:05:12:512 [34m[34minfo[34m[39m: [34m[34mServer is running on port 8080[34m[39m
2023-08-20 02:05:45:545 [34m[34minfo[34m[39m: [34m[34mServer is running on port 8080[34m[39m
2023-08-20 02:06:21:621 [34m[34minfo[34m[39m: [34m[34mServer is running on port 8080[34m[39m
2023-08-20 02:09:41:941 [34m[34minfo[34m[39m: [34m[34mServer is running on port 8080[34m[39m
2023-08-20 02:10:55:1055 [34m[34minfo[34m[39m: [34m[34mServer is running on port 8080[34m[39m
2023-08-20 02:11:35:1135 [34m[34minfo[34m[39m: [34m[34mServer is running on port 8080[34m[39m
2023-08-20 02:12:04:124 [34m[34minfo[34m[39m: [34m[34mServer is running on port 8080[34m[39m
2023-08-20 02:13:59:1359 [34m[34minfo[34m[39m: [34m[34mServer is running on port 8080[34m[39m
2023-08-20 02:14:04:144 [34m[34minfo[34m[39m: [34m[34mServer is running on port 8080[34m[39m
2023-08-20 02:14:20:1420 [34m[34minfo[34m[39m: [34m[34mServer is running on port 8080[34m[39m
2023-08-20 02:16:11:1611 [34m[34minfo[34m[39m: [34m[34mServer is running on port 8080[34m[39m
2023-08-20 02:16:24:1624 [34m[34minfo[34m[39m: [34m[34mServer is running on port 8080[34m[39m
2023-08-20 02:17:32:1732 [34m[34minfo[34m[39m: [34m[34mServer is running on port 8080[34m[39m
2023-08-20 02:17:47:1747 [34m[34minfo[34m[39m: [34m[34mServer is running on port 8080[34m[39m
2023-08-20 02:18:35:1835 [34m[34minfo[34m[39m: [34m[34mServer is running on port 8080[34m[39m
2023-08-20 02:21:53:2153 [34m[34minfo[34m[39m: [34m[34mServer is running on port 8080[34m[39m
2023-08-20 02:23:48:2348 [34m[34minfo[34m[39m: [34m[34mServer is running on port 8080[34m[39m
2023-08-20 02:24:01:241 [34m[34minfo[34m[39m: [34m[34mServer is running on port 8080[34m[39m
2023-08-20 02:26:06:266 [34m[34minfo[34m[39m: [34m[34mServer is running on port 8080[34m[39m
2023-08-20 02:26:27:2627 [34m[34minfo[34m[39m: [34m[34mServer is running on port 8080[34m[39m
2023-08-20 02:27:17:2717 [34m[34minfo[34m[39m: [34m[34mServer is running on port 8080[34m[39m
2023-08-20 02:27:35:2735 [34m[34minfo[34m[39m: [34m[34mServer is running on port 8080[34m[39m
2023-08-20 02:27:41:2741 [34m[34minfo[34m[39m: [34m[34mServer is running on port 8080[34m[39m
2023-08-20 02:27:44:2744 [34m[34minfo[34m[39m: [34m[34mServer is running on port 8080[34m[39m
2023-08-20 02:28:14:2814 [34m[34minfo[34m[39m: [34m[34mServer is running on port 8080[34m[39m
2023-08-20 02:30:58:3058 [34m[34minfo[34m[39m: [34m[34mServer is running on port 8080[34m[39m
2023-08-20 02:31:59:3159 [34m[34minfo[34m[39m: [34m[34mServer is running on port 8080[34m[39m
2023-08-20 02:32:52:3252 [34m[34minfo[34m[39m: [34m[34mServer is running on port 8080[34m[39m
2023-08-20 02:32:56:3256 [34m[34minfo[34m[39m: [34m[34mServer is running on port 8080[34m[39m
2023-08-20 02:33:04:334 [34m[34minfo[34m[39m: [34m[34mServer is running on port 8080[34m[39m
2023-08-20 02:33:07:337 [34m[34minfo[34m[39m: [34m[34mServer is running on port 8080[34m[39m
2023-08-20 09:56:33:5633 [34m[34minfo[34m[39m: [34m[34mServer is running on port 8080[34m[39m
2023-08-20 19:23:59:2359 [35m[35mhttp[35m[39m: [35m[35mOPTIONS /auth/login 204 0 - 11.105 ms[35m[39m
[35m[35m[35m[39m
2023-08-20 19:23:59:2359 [31m[31merror[31m[39m: [31m[31mUnknow error data and hash arguments required[31m[39m
2023-08-20 19:23:59:2359 [35m[35mhttp[35m[39m: [35m[35mPOST /auth/login 500 44 - 134.524 ms[35m[39m
[35m[35m[35m[39m
2023-08-20 19:25:22:2522 [34m[34minfo[34m[39m: [34m[34mServer is running on port 8080[34m[39m
2023-08-20 19:25:31:2531 [34m[34minfo[34m[39m: [34m[34mServer is running on port 8080[34m[39m
2023-08-20 19:25:33:2533 [35m[35mhttp[35m[39m: [35m[35mOPTIONS /auth/login 204 0 - 1.518 ms[35m[39m
[35m[35m[35m[39m
2023-08-20 19:25:33:2533 [31m[31merror[31m[39m: [31m[31m[31merror[31m[31m[39m
2023-08-20 19:25:33:2533 [35m[35mhttp[35m[39m: [35m[35mPOST /auth/login 200 154 - 26.441 ms[35m[39m
[35m[35m[35m[39m
2023-08-20 19:25:39:2539 [35m[35mhttp[35m[39m: [35m[35mOPTIONS /auth/login 204 0 - 0.144 ms[35m[39m
[35m[35m[35m[39m
2023-08-20 19:25:39:2539 [31m[31merror[31m[39m: [31m[31m[31merror[31m[31m[39m
2023-08-20 19:25:39:2539 [35m[35mhttp[35m[39m: [35m[35mPOST /auth/login 200 154 - 5.153 ms[35m[39m
[35m[35m[35m[39m
2023-08-20 19:25:52:2552 [35m[35mhttp[35m[39m: [35m[35mOPTIONS /auth/login 204 0 - 0.166 ms[35m[39m
[35m[35m[35m[39m
2023-08-20 19:25:52:2552 [31m[31merror[31m[39m: [31m[31m[31merror[31m[31m[39m
2023-08-20 19:25:52:2552 [35m[35mhttp[35m[39m: [35m[35mPOST /auth/login 200 154 - 5.705 ms[35m[39m
[35m[35m[35m[39m
2023-08-20 19:26:23:2623 [35m[35mhttp[35m[39m: [35m[35mOPTIONS /auth/login 204 0 - 0.505 ms[35m[39m
[35m[35m[35m[39m
2023-08-20 19:26:23:2623 [31m[31merror[31m[39m: [31m[31m[31merror[31m[31m[39m
2023-08-20 19:26:23:2623 [35m[35mhttp[35m[39m: [35m[35mPOST /auth/login 200 154 - 3.560 ms[35m[39m
[35m[35m[35m[39m
2023-08-20 19:26:35:2635 [35m[35mhttp[35m[39m: [35m[35mOPTIONS /auth/login 204 0 - 0.147 ms[35m[39m
[35m[35m[35m[39m
2023-08-20 19:26:35:2635 [31m[31merror[31m[39m: [31m[31m[31merror[31m[31m[39m
2023-08-20 19:26:35:2635 [35m[35mhttp[35m[39m: [35m[35mPOST /auth/login 200 154 - 4.410 ms[35m[39m
[35m[35m[35m[39m
2023-08-20 19:26:35:2635 [31m[31merror[31m[39m: [31m[31m[31merror[31m[31m[39m
2023-08-20 19:26:35:2635 [35m[35mhttp[35m[39m: [35m[35mPOST /auth/login 200 154 - 3.218 ms[35m[39m
[35m[35m[35m[39m
2023-08-20 19:26:36:2636 [31m[31merror[31m[39m: [31m[31m[31merror[31m[31m[39m
2023-08-20 19:26:36:2636 [35m[35mhttp[35m[39m: [35m[35mPOST /auth/login 200 154 - 3.561 ms[35m[39m
[35m[35m[35m[39m
2023-08-20 19:27:07:277 [34m[34minfo[34m[39m: [34m[34mServer is running on port 8080[34m[39m
2023-08-20 19:27:09:279 [35m[35mhttp[35m[39m: [35m[35mOPTIONS /auth/login 204 0 - 1.812 ms[35m[39m
[35m[35m[35m[39m
2023-08-20 19:27:09:279 [31m[31merror[31m[39m: [31m[31m[31merror[31m[31m[39m
2023-08-20 19:27:09:279 [35m[35mhttp[35m[39m: [35m[35mPOST /auth/login 200 154 - 22.025 ms[35m[39m
[35m[35m[35m[39m
2023-08-20 19:27:10:2710 [31m[31merror[31m[39m: [31m[31m[31merror[31m[31m[39m
2023-08-20 19:27:10:2710 [35m[35mhttp[35m[39m: [35m[35mPOST /auth/login 200 154 - 5.193 ms[35m[39m
[35m[35m[35m[39m
2023-08-20 19:27:11:2711 [31m[31merror[31m[39m: [31m[31m[31merror[31m[31m[39m
2023-08-20 19:27:11:2711 [35m[35mhttp[35m[39m: [35m[35mPOST /auth/login 200 154 - 3.881 ms[35m[39m
[35m[35m[35m[39m
2023-08-20 19:27:13:2713 [31m[31merror[31m[39m: [31m[31m[31merror[31m[31m[39m
2023-08-20 19:27:13:2713 [35m[35mhttp[35m[39m: [35m[35mPOST /auth/login 200 154 - 3.308 ms[35m[39m
[35m[35m[35m[39m
2023-08-20 19:28:43:2843 [31m[31merror[31m[39m: [31m[31mValidationError Schema is not valid[31m[39m
2023-08-20 19:28:43:2843 [35m[35mhttp[35m[39m: [35m[35mPOST /auth/register 404 60 - 4.436 ms[35m[39m
[35m[35m[35m[39m
2023-08-20 19:29:03:293 [35m[35mhttp[35m[39m: [35m[35mPOST /auth/register 200 5 - 74.420 ms[35m[39m
[35m[35m[35m[39m
2023-08-20 19:29:39:2939 [31m[31merror[31m[39m: [31m[31mUnknow error Code undefined : Code SQLITE_CONSTRAINT_UNIQUE : UNIQUE constraint failed: user.email  [31m[39m
2023-08-20 19:29:39:2939 [35m[35mhttp[35m[39m: [35m[35mPOST /auth/register 500 99 - 69.005 ms[35m[39m
[35m[35m[35m[39m
2023-08-20 19:30:55:3055 [34m[34minfo[34m[39m: [34m[34mServer is running on port 8080[34m[39m
2023-08-20 19:30:59:3059 [35m[35mhttp[35m[39m: [35m[35mOPTIONS /auth/login 204 0 - 1.641 ms[35m[39m
[35m[35m[35m[39m
2023-08-20 19:30:59:3059 [31m[31merror[31m[39m: [31m[31m[31merror[31m[31m[39m
2023-08-20 19:30:59:3059 [35m[35mhttp[35m[39m: [35m[35mPOST /auth/login 200 154 - 21.641 ms[35m[39m
[35m[35m[35m[39m
2023-08-20 19:31:02:312 [31m[31merror[31m[39m: [31m[31m[31merror[31m[31m[39m
2023-08-20 19:31:02:312 [35m[35mhttp[35m[39m: [35m[35mPOST /auth/login 200 154 - 5.206 ms[35m[39m
[35m[35m[35m[39m
2023-08-20 19:31:11:3111 [35m[35mhttp[35m[39m: [35m[35mOPTIONS /auth/login 204 0 - 0.179 ms[35m[39m
[35m[35m[35m[39m
2023-08-20 19:31:11:3111 [31m[31merror[31m[39m: [31m[31m[31merror[31m[31m[39m
2023-08-20 19:31:11:3111 [35m[35mhttp[35m[39m: [35m[35mPOST /auth/login 200 154 - 5.287 ms[35m[39m
[35m[35m[35m[39m
2023-08-20 19:31:12:3112 [31m[31merror[31m[39m: [31m[31m[31merror[31m[31m[39m
2023-08-20 19:31:12:3112 [35m[35mhttp[35m[39m: [35m[35mPOST /auth/login 200 154 - 4.174 ms[35m[39m
[35m[35m[35m[39m
2023-08-20 19:31:34:3134 [34m[34minfo[34m[39m: [34m[34mServer is running on port 8080[34m[39m
2023-08-20 19:31:35:3135 [35m[35mhttp[35m[39m: [35m[35mOPTIONS /auth/login 204 0 - 1.523 ms[35m[39m
[35m[35m[35m[39m
2023-08-20 19:31:35:3135 [31m[31merror[31m[39m: [31m[31m[31merror[31m[31m[39m
2023-08-20 19:31:35:3135 [35m[35mhttp[35m[39m: [35m[35mPOST /auth/login 200 154 - 21.157 ms[35m[39m
[35m[35m[35m[39m
2023-08-20 19:31:37:3137 [31m[31merror[31m[39m: [31m[31m[31merror[31m[31m[39m
2023-08-20 19:31:37:3137 [35m[35mhttp[35m[39m: [35m[35mPOST /auth/login 200 154 - 4.597 ms[35m[39m
[35m[35m[35m[39m
2023-08-20 19:32:04:324 [34m[34minfo[34m[39m: [34m[34mServer is running on port 8080[34m[39m
2023-08-20 19:32:05:325 [35m[35mhttp[35m[39m: [35m[35mOPTIONS /auth/login 204 0 - 1.443 ms[35m[39m
[35m[35m[35m[39m
2023-08-20 19:32:05:325 [31m[31merror[31m[39m: [31m[31mUnknow error data and hash arguments required[31m[39m
2023-08-20 19:32:05:325 [35m[35mhttp[35m[39m: [35m[35mPOST /auth/login 500 44 - 24.345 ms[35m[39m
[35m[35m[35m[39m
2023-08-20 19:32:34:3234 [34m[34minfo[34m[39m: [34m[34mServer is running on port 8080[34m[39m
2023-08-20 19:32:35:3235 [35m[35mhttp[35m[39m: [35m[35mOPTIONS /auth/login 204 0 - 1.551 ms[35m[39m
[35m[35m[35m[39m
2023-08-20 19:32:35:3235 [31m[31merror[31m[39m: [31m[31mUnknow error data and hash arguments required[31m[39m
2023-08-20 19:32:35:3235 [35m[35mhttp[35m[39m: [35m[35mPOST /auth/login 500 44 - 25.919 ms[35m[39m
[35m[35m[35m[39m
2023-08-20 19:32:52:3252 [34m[34minfo[34m[39m: [34m[34mServer is running on port 8080[34m[39m
2023-08-20 19:32:52:3252 [35m[35mhttp[35m[39m: [35m[35mOPTIONS /auth/login 204 0 - 1.423 ms[35m[39m
[35m[35m[35m[39m
2023-08-20 19:32:52:3252 [31m[31merror[31m[39m: [31m[31mUnknow error data and hash arguments required[31m[39m
2023-08-20 19:32:52:3252 [35m[35mhttp[35m[39m: [35m[35mPOST /auth/login 500 44 - 24.725 ms[35m[39m
[35m[35m[35m[39m
2023-08-20 19:32:54:3254 [31m[31merror[31m[39m: [31m[31mUnknow error data and hash arguments required[31m[39m
2023-08-20 19:32:54:3254 [35m[35mhttp[35m[39m: [35m[35mPOST /auth/login 500 44 - 3.917 ms[35m[39m
[35m[35m[35m[39m
2023-08-20 19:33:16:3316 [34m[34minfo[34m[39m: [34m[34mServer is running on port 8080[34m[39m
2023-08-20 19:33:51:3351 [35m[35mhttp[35m[39m: [35m[35mOPTIONS /auth/login 204 0 - 1.554 ms[35m[39m
[35m[35m[35m[39m
2023-08-20 19:33:51:3351 [31m[31merror[31m[39m: [31m[31mUnknow error data and hash arguments required[31m[39m
2023-08-20 19:33:51:3351 [35m[35mhttp[35m[39m: [35m[35mPOST /auth/login 500 44 - 28.336 ms[35m[39m
[35m[35m[35m[39m
2023-08-20 19:33:52:3352 [31m[31merror[31m[39m: [31m[31mUnknow error data and hash arguments required[31m[39m
2023-08-20 19:33:52:3352 [35m[35mhttp[35m[39m: [35m[35mPOST /auth/login 500 44 - 4.330 ms[35m[39m
[35m[35m[35m[39m
2023-08-20 19:34:19:3419 [34m[34minfo[34m[39m: [34m[34mServer is running on port 8080[34m[39m
2023-08-20 19:34:19:3419 [35m[35mhttp[35m[39m: [35m[35mOPTIONS /auth/login 204 0 - 1.695 ms[35m[39m
[35m[35m[35m[39m
2023-08-20 19:34:19:3419 [35m[35mhttp[35m[39m: [35m[35mOPTIONS /auth/login 204 0 - 0.283 ms[35m[39m
[35m[35m[35m[39m
2023-08-20 19:34:19:3419 [31m[31merror[31m[39m: [31m[31mUnknow error data and hash arguments required[31m[39m
2023-08-20 19:34:19:3419 [35m[35mhttp[35m[39m: [35m[35mPOST /auth/login 500 44 - 24.196 ms[35m[39m
[35m[35m[35m[39m
2023-08-20 19:34:19:3419 [31m[31merror[31m[39m: [31m[31mUnknow error data and hash arguments required[31m[39m
2023-08-20 19:34:19:3419 [35m[35mhttp[35m[39m: [35m[35mPOST /auth/login 500 44 - 3.792 ms[35m[39m
[35m[35m[35m[39m
2023-08-20 19:34:20:3420 [31m[31merror[31m[39m: [31m[31mUnknow error data and hash arguments required[31m[39m
2023-08-20 19:34:20:3420 [35m[35mhttp[35m[39m: [35m[35mPOST /auth/login 500 44 - 2.151 ms[35m[39m
[35m[35m[35m[39m
2023-08-20 19:34:27:3427 [35m[35mhttp[35m[39m: [35m[35mOPTIONS /auth/login 204 0 - 0.201 ms[35m[39m
[35m[35m[35m[39m
2023-08-20 19:34:27:3427 [31m[31merror[31m[39m: [31m[31mUnknow error data and hash arguments required[31m[39m
2023-08-20 19:34:27:3427 [35m[35mhttp[35m[39m: [35m[35mPOST /auth/login 500 44 - 5.395 ms[35m[39m
[35m[35m[35m[39m
2023-08-20 19:34:49:3449 [34m[34minfo[34m[39m: [34m[34mServer is running on port 8080[34m[39m
2023-08-20 19:34:49:3449 [35m[35mhttp[35m[39m: [35m[35mOPTIONS /auth/login 204 0 - 1.614 ms[35m[39m
[35m[35m[35m[39m
2023-08-20 19:34:49:3449 [31m[31merror[31m[39m: [31m[31mUnknow error data and hash arguments required[31m[39m
2023-08-20 19:34:49:3449 [35m[35mhttp[35m[39m: [35m[35mPOST /auth/login 500 44 - 25.872 ms[35m[39m
[35m[35m[35m[39m
2023-08-20 19:34:54:3454 [31m[31merror[31m[39m: [31m[31mUnknow error data and hash arguments required[31m[39m
2023-08-20 19:34:54:3454 [35m[35mhttp[35m[39m: [35m[35mPOST /auth/login 500 44 - 3.569 ms[35m[39m
[35m[35m[35m[39m
2023-08-20 19:35:23:3523 [34m[34minfo[34m[39m: [34m[34mServer is running on port 8080[34m[39m
2023-08-20 19:35:23:3523 [35m[35mhttp[35m[39m: [35m[35mOPTIONS /auth/login 204 0 - 1.543 ms[35m[39m
[35m[35m[35m[39m
2023-08-20 19:35:23:3523 [31m[31merror[31m[39m: [31m[31mUnknow error data and hash arguments required[31m[39m
2023-08-20 19:35:23:3523 [35m[35mhttp[35m[39m: [35m[35mPOST /auth/login 500 44 - 24.556 ms[35m[39m
[35m[35m[35m[39m
2023-08-20 19:35:24:3524 [31m[31merror[31m[39m: [31m[31mUnknow error data and hash arguments required[31m[39m
2023-08-20 19:35:24:3524 [35m[35mhttp[35m[39m: [35m[35mPOST /auth/login 500 44 - 3.476 ms[35m[39m
[35m[35m[35m[39m
2023-08-20 19:35:25:3525 [31m[31merror[31m[39m: [31m[31mUnknow error data and hash arguments required[31m[39m
2023-08-20 19:35:25:3525 [35m[35mhttp[35m[39m: [35m[35mPOST /auth/login 500 44 - 2.058 ms[35m[39m
[35m[35m[35m[39m
2023-08-20 19:35:26:3526 [31m[31merror[31m[39m: [31m[31mUnknow error data and hash arguments required[31m[39m
2023-08-20 19:35:26:3526 [35m[35mhttp[35m[39m: [35m[35mPOST /auth/login 500 44 - 2.867 ms[35m[39m
[35m[35m[35m[39m
2023-08-20 19:35:27:3527 [31m[31merror[31m[39m: [31m[31mUnknow error data and hash arguments required[31m[39m
2023-08-20 19:35:27:3527 [35m[35mhttp[35m[39m: [35m[35mPOST /auth/login 500 44 - 2.642 ms[35m[39m
[35m[35m[35m[39m
2023-08-20 19:35:36:3536 [34m[34minfo[34m[39m: [34m[34mServer is running on port 8080[34m[39m
2023-08-20 19:36:09:369 [34m[34minfo[34m[39m: [34m[34mServer is running on port 8080[34m[39m
2023-08-20 19:36:09:369 [35m[35mhttp[35m[39m: [35m[35mOPTIONS /auth/login 204 0 - 1.529 ms[35m[39m
[35m[35m[35m[39m
2023-08-20 19:36:09:369 [31m[31merror[31m[39m: [31m[31mUnknow error data and hash arguments required[31m[39m
2023-08-20 19:36:09:369 [35m[35mhttp[35m[39m: [35m[35mPOST /auth/login 500 44 - 23.317 ms[35m[39m
[35m[35m[35m[39m
2023-08-20 19:36:28:3628 [34m[34minfo[34m[39m: [34m[34mServer is running on port 8080[34m[39m
2023-08-20 19:36:29:3629 [35m[35mhttp[35m[39m: [35m[35mOPTIONS /auth/login 204 0 - 1.495 ms[35m[39m
[35m[35m[35m[39m
2023-08-20 19:36:29:3629 [31m[31merror[31m[39m: [31m[31mUnknow error data and hash arguments required[31m[39m
2023-08-20 19:36:29:3629 [35m[35mhttp[35m[39m: [35m[35mPOST /auth/login 500 44 - 27.951 ms[35m[39m
[35m[35m[35m[39m
2023-08-20 19:36:37:3637 [34m[34minfo[34m[39m: [34m[34mServer is running on port 8080[34m[39m
2023-08-20 19:36:37:3637 [35m[35mhttp[35m[39m: [35m[35mOPTIONS /auth/login 204 0 - 2.086 ms[35m[39m
[35m[35m[35m[39m
2023-08-20 19:36:37:3637 [31m[31merror[31m[39m: [31m[31mUnknow error data and hash arguments required[31m[39m
2023-08-20 19:36:37:3637 [35m[35mhttp[35m[39m: [35m[35mPOST /auth/login 500 44 - 24.044 ms[35m[39m
[35m[35m[35m[39m
2023-08-20 19:36:39:3639 [31m[31merror[31m[39m: [31m[31mUnknow error data and hash arguments required[31m[39m
2023-08-20 19:36:39:3639 [35m[35mhttp[35m[39m: [35m[35mPOST /auth/login 500 44 - 3.904 ms[35m[39m
[35m[35m[35m[39m
2023-08-20 19:37:47:3747 [34m[34minfo[34m[39m: [34m[34mServer is running on port 8080[34m[39m
2023-08-20 19:37:49:3749 [35m[35mhttp[35m[39m: [35m[35mOPTIONS /auth/login 204 0 - 1.554 ms[35m[39m
[35m[35m[35m[39m
2023-08-20 19:37:49:3749 [31m[31merror[31m[39m: [31m[31mUnknow error data and hash arguments required[31m[39m
2023-08-20 19:37:49:3749 [35m[35mhttp[35m[39m: [35m[35mPOST /auth/login 500 44 - 27.072 ms[35m[39m
[35m[35m[35m[39m
2023-08-20 19:37:50:3750 [31m[31merror[31m[39m: [31m[31mUnknow error data and hash arguments required[31m[39m
2023-08-20 19:37:50:3750 [35m[35mhttp[35m[39m: [35m[35mPOST /auth/login 500 44 - 3.571 ms[35m[39m
[35m[35m[35m[39m
2023-08-20 19:37:58:3758 [34m[34minfo[34m[39m: [34m[34mServer is running on port 8080[34m[39m
2023-08-20 19:37:58:3758 [35m[35mhttp[35m[39m: [35m[35mOPTIONS /auth/login 204 0 - 1.497 ms[35m[39m
[35m[35m[35m[39m
2023-08-20 19:37:58:3758 [35m[35mhttp[35m[39m: [35m[35mOPTIONS /auth/login 204 0 - 0.259 ms[35m[39m
[35m[35m[35m[39m
2023-08-20 19:37:58:3758 [31m[31merror[31m[39m: [31m[31mUnknow error data and hash arguments required[31m[39m
2023-08-20 19:37:58:3758 [35m[35mhttp[35m[39m: [35m[35mPOST /auth/login 500 44 - 28.443 ms[35m[39m
[35m[35m[35m[39m
2023-08-20 19:37:58:3758 [31m[31merror[31m[39m: [31m[31mUnknow error data and hash arguments required[31m[39m
2023-08-20 19:37:58:3758 [35m[35mhttp[35m[39m: [35m[35mPOST /auth/login 500 44 - 4.839 ms[35m[39m
[35m[35m[35m[39m
2023-08-20 19:38:00:380 [31m[31merror[31m[39m: [31m[31mUnknow error data and hash arguments required[31m[39m
2023-08-20 19:38:00:380 [35m[35mhttp[35m[39m: [35m[35mPOST /auth/login 500 44 - 2.444 ms[35m[39m
[35m[35m[35m[39m
2023-08-20 19:38:00:380 [31m[31merror[31m[39m: [31m[31mUnknow error data and hash arguments required[31m[39m
2023-08-20 19:38:00:380 [35m[35mhttp[35m[39m: [35m[35mPOST /auth/login 500 44 - 2.444 ms[35m[39m
[35m[35m[35m[39m
2023-08-20 19:38:14:3814 [34m[34minfo[34m[39m: [34m[34mServer is running on port 8080[34m[39m
2023-08-20 19:38:14:3814 [35m[35mhttp[35m[39m: [35m[35mOPTIONS /auth/login 204 0 - 1.494 ms[35m[39m
[35m[35m[35m[39m
2023-08-20 19:38:14:3814 [31m[31merror[31m[39m: [31m[31mUnknow error data and hash arguments required[31m[39m
2023-08-20 19:38:14:3814 [35m[35mhttp[35m[39m: [35m[35mPOST /auth/login 500 44 - 88.024 ms[35m[39m
[35m[35m[35m[39m
2023-08-20 19:38:17:3817 [31m[31merror[31m[39m: [31m[31mUnknow error data and hash arguments required[31m[39m
2023-08-20 19:38:17:3817 [35m[35mhttp[35m[39m: [35m[35mPOST /auth/login 500 44 - 69.434 ms[35m[39m
[35m[35m[35m[39m
2023-08-20 19:38:18:3818 [31m[31merror[31m[39m: [31m[31mUnknow error data and hash arguments required[31m[39m
2023-08-20 19:38:18:3818 [35m[35mhttp[35m[39m: [35m[35mPOST /auth/login 500 44 - 64.937 ms[35m[39m
[35m[35m[35m[39m
2023-08-20 19:38:34:3834 [34m[34minfo[34m[39m: [34m[34mServer is running on port 8080[34m[39m
2023-08-20 19:38:36:3836 [35m[35mhttp[35m[39m: [35m[35mOPTIONS /auth/login 204 0 - 1.696 ms[35m[39m
[35m[35m[35m[39m
2023-08-20 19:38:36:3836 [31m[31merror[31m[39m: [31m[31mUnknow error data and hash arguments required[31m[39m
2023-08-20 19:38:36:3836 [35m[35mhttp[35m[39m: [35m[35mPOST /auth/login 500 44 - 90.435 ms[35m[39m
[35m[35m[35m[39m
2023-08-20 19:39:04:394 [34m[34minfo[34m[39m: [34m[34mServer is running on port 8080[34m[39m
2023-08-20 19:39:05:395 [35m[35mhttp[35m[39m: [35m[35mOPTIONS /auth/login 204 0 - 1.456 ms[35m[39m
[35m[35m[35m[39m
2023-08-20 19:39:05:395 [31m[31merror[31m[39m: [31m[31mUnknow error data and hash arguments required[31m[39m
2023-08-20 19:39:05:395 [35m[35mhttp[35m[39m: [35m[35mPOST /auth/login 500 44 - 89.879 ms[35m[39m
[35m[35m[35m[39m
2023-08-20 19:39:34:3934 [34m[34minfo[34m[39m: [34m[34mServer is running on port 8080[34m[39m
2023-08-20 19:39:34:3934 [35m[35mhttp[35m[39m: [35m[35mOPTIONS /auth/login 204 0 - 1.498 ms[35m[39m
[35m[35m[35m[39m
2023-08-20 19:39:34:3934 [31m[31merror[31m[39m: [31m[31mUnknow error data and hash arguments required[31m[39m
2023-08-20 19:39:34:3934 [35m[35mhttp[35m[39m: [35m[35mPOST /auth/login 500 44 - 89.383 ms[35m[39m
[35m[35m[35m[39m
2023-08-20 19:39:36:3936 [31m[31merror[31m[39m: [31m[31mUnknow error data and hash arguments required[31m[39m
2023-08-20 19:39:36:3936 [35m[35mhttp[35m[39m: [35m[35mPOST /auth/login 500 44 - 66.825 ms[35m[39m
[35m[35m[35m[39m
2023-08-20 19:40:13:4013 [34m[34minfo[34m[39m: [34m[34mServer is running on port 8080[34m[39m
2023-08-20 19:40:20:4020 [34m[34minfo[34m[39m: [34m[34mServer is running on port 8080[34m[39m
2023-08-20 19:40:22:4022 [34m[34minfo[34m[39m: [34m[34mServer is running on port 8080[34m[39m
2023-08-20 19:40:22:4022 [35m[35mhttp[35m[39m: [35m[35mOPTIONS /auth/login 204 0 - 1.517 ms[35m[39m
[35m[35m[35m[39m
2023-08-20 19:40:23:4023 [35m[35mhttp[35m[39m: [35m[35mPOST /auth/login 200 154 - 144.290 ms[35m[39m
[35m[35m[35m[39m
2023-08-20 19:40:24:4024 [35m[35mhttp[35m[39m: [35m[35mPOST /auth/login 200 154 - 129.234 ms[35m[39m
[35m[35m[35m[39m
2023-08-20 19:40:25:4025 [35m[35mhttp[35m[39m: [35m[35mPOST /auth/login 200 154 - 127.965 ms[35m[39m
[35m[35m[35m[39m
2023-08-20 19:40:30:4030 [35m[35mhttp[35m[39m: [35m[35mOPTIONS /auth/login 204 0 - 0.230 ms[35m[39m
[35m[35m[35m[39m
2023-08-20 19:40:30:4030 [35m[35mhttp[35m[39m: [35m[35mPOST /auth/login 200 154 - 129.122 ms[35m[39m
[35m[35m[35m[39m
2023-08-20 19:40:41:4041 [34m[34minfo[34m[39m: [34m[34mServer is running on port 8080[34m[39m
2023-08-20 19:41:59:4159 [35m[35mhttp[35m[39m: [35m[35mOPTIONS /auth/login 204 0 - 1.571 ms[35m[39m
[35m[35m[35m[39m
2023-08-20 19:41:59:4159 [35m[35mhttp[35m[39m: [35m[35mPOST /auth/login 200 154 - 146.183 ms[35m[39m
[35m[35m[35m[39m
2023-08-20 19:42:01:421 [35m[35mhttp[35m[39m: [35m[35mPOST /auth/login 200 154 - 126.257 ms[35m[39m
[35m[35m[35m[39m
