2023-09-12 10:06:22:622 [34m[34minfo[34m[39m: [34m[34mServer is running on port 8082[34m[39m
2023-09-12 10:06:27:627 [31m[31merror[31m[39m: [31m[31mValidationError Schema is not valid[31m[39m
2023-09-12 10:06:27:627 [35m[35mhttp[35m[39m: [35m[35mPOST /auth/register 400 24 - 25.561 ms[35m[39m
[35m[35m[35m[39m
2023-09-12 10:06:57:657 [31m[31merror[31m[39m: [31m[31mValidationError Schema is not valid[31m[39m
2023-09-12 10:06:57:657 [35m[35mhttp[35m[39m: [35m[35mPOST /auth/register 400 24 - 3.806 ms[35m[39m
[35m[35m[35m[39m
2023-09-12 10:07:09:79 [31m[31merror[31m[39m: [31m[31mValidationError Schema is not valid[31m[39m
2023-09-12 10:07:09:79 [35m[35mhttp[35m[39m: [35m[35mPOST /auth/register 400 24 - 2.345 ms[35m[39m
[35m[35m[35m[39m
2023-09-12 10:07:26:726 [31m[31merror[31m[39m: [31m[31mDatabaseError Code undefined : Code SQLITE_ERROR : no such column: *  [31m[39m
2023-09-12 10:07:26:726 [35m[35mhttp[35m[39m: [35m[35mPOST /auth/register 500 33 - 98.918 ms[35m[39m
[35m[35m[35m[39m
2023-09-12 10:09:23:923 [34m[34minfo[34m[39m: [34m[34mServer is running on port 8082[34m[39m
2023-09-12 10:09:48:948 [34m[34minfo[34m[39m: [34m[34mServer is running on port 8082[34m[39m
2023-09-12 10:09:50:950 [35m[35mhttp[35m[39m: [35m[35mPOST /auth/register 201 5 - 93.923 ms[35m[39m
[35m[35m[35m[39m
2023-09-12 10:11:13:1113 [34m[34minfo[34m[39m: [34m[34mServer is running on port 8082[34m[39m
2023-09-12 10:11:17:1117 [31m[31merror[31m[39m: [31m[31mDatabaseError Code undefined : Code SQLITE_CONSTRAINT_UNIQUE : UNIQUE constraint failed: user.email  [31m[39m
2023-09-12 10:11:17:1117 [35m[35mhttp[35m[39m: [35m[35mPOST /auth/register 500 33 - 84.984 ms[35m[39m
[35m[35m[35m[39m
2023-09-12 10:12:45:1245 [35m[35mhttp[35m[39m: [35m[35mPOST /auth/register 201 5 - 74.224 ms[35m[39m
[35m[35m[35m[39m
2023-09-12 10:13:08:138 [34m[34minfo[34m[39m: [34m[34mServer is running on port 8082[34m[39m
2023-09-12 10:13:14:1314 [35m[35mhttp[35m[39m: [35m[35mPOST /auth/register 201 4 - 93.722 ms[35m[39m
[35m[35m[35m[39m
2023-09-12 10:13:23:1323 [34m[34minfo[34m[39m: [34m[34mServer is running on port 8082[34m[39m
2023-09-12 10:14:24:1424 [34m[34minfo[34m[39m: [34m[34mServer is running on port 8082[34m[39m
2023-09-12 10:15:03:153 [34m[34minfo[34m[39m: [34m[34mServer is running on port 8082[34m[39m
2023-09-12 10:18:20:1820 [34m[34minfo[34m[39m: [34m[34mServer is running on port 8082[34m[39m
2023-09-12 10:19:08:198 [34m[34minfo[34m[39m: [34m[34mServer is running on port 8082[34m[39m
2023-09-12 10:19:12:1912 [34m[34minfo[34m[39m: [34m[34mServer is running on port 8082[34m[39m
2023-09-12 10:19:44:1944 [34m[34minfo[34m[39m: [34m[34mServer is running on port 8082[34m[39m
2023-09-12 10:20:47:2047 [34m[34minfo[34m[39m: [34m[34mServer is running on port 8082[34m[39m
2023-09-12 10:22:29:2229 [34m[34minfo[34m[39m: [34m[34mServer is running on port 8082[34m[39m
2023-09-12 10:22:44:2244 [34m[34minfo[34m[39m: [34m[34mServer is running on port 8082[34m[39m
2023-09-12 10:24:06:246 [34m[34minfo[34m[39m: [34m[34mServer is running on port 8082[34m[39m
2023-09-12 10:24:35:2435 [34m[34minfo[34m[39m: [34m[34mServer is running on port 8082[34m[39m
2023-09-12 10:25:35:2535 [34m[34minfo[34m[39m: [34m[34mServer is running on port 8082[34m[39m
2023-09-12 10:25:44:2544 [35m[35mhttp[35m[39m: [35m[35mPOST /auth/register 201 76 - 349.134 ms[35m[39m
[35m[35m[35m[39m
2023-09-12 10:29:21:2921 [31m[31merror[31m[39m: [31m[31mDatabaseError Code undefined : Code SQLITE_CONSTRAINT_UNIQUE : UNIQUE constraint failed: user.email  [31m[39m
2023-09-12 10:29:21:2921 [35m[35mhttp[35m[39m: [35m[35mPOST /auth/register 500 33 - 67.543 ms[35m[39m
[35m[35m[35m[39m
2023-09-12 10:29:36:2936 [35m[35mhttp[35m[39m: [35m[35mPOST /auth/register 201 76 - 192.689 ms[35m[39m
[35m[35m[35m[39m
2023-09-12 10:31:57:3157 [35m[35mhttp[35m[39m: [35m[35mPOST /auth/register 201 76 - 275.451 ms[35m[39m
[35m[35m[35m[39m
2023-09-12 10:53:23:5323 [34m[34minfo[34m[39m: [34m[34mServer is running on port 8082[34m[39m
2023-09-12 10:53:51:5351 [35m[35mhttp[35m[39m: [35m[35mPOST /auth/register 201 76 - 253.255 ms[35m[39m
[35m[35m[35m[39m
2023-09-12 10:54:29:5429 [34m[34minfo[34m[39m: [34m[34mServer is running on port 8082[34m[39m
2023-09-12 10:54:33:5433 [34m[34minfo[34m[39m: [34m[34mServer is running on port 8082[34m[39m
2023-09-12 10:54:42:5442 [34m[34minfo[34m[39m: [34m[34mServer is running on port 8082[34m[39m
2023-09-12 10:54:53:5453 [34m[34minfo[34m[39m: [34m[34mServer is running on port 8082[34m[39m
2023-09-12 10:56:01:561 [34m[34minfo[34m[39m: [34m[34mServer is running on port 8082[34m[39m
2023-09-12 10:56:03:563 [31m[31merror[31m[39m: [31m[31mServerError E04B0000:error:0A00010B:SSL routines:ssl3_get_record:wrong version number:c:\ws\deps\openssl\openssl\ssl\record\ssl3_record.c:355:[31m[39m
[31m[31m[31m[39m
2023-09-12 10:56:03:563 [35m[35mhttp[35m[39m: [35m[35mPOST /auth/register 500 33 - 198.629 ms[35m[39m
[35m[35m[35m[39m
2023-09-12 10:56:49:5649 [34m[34minfo[34m[39m: [34m[34mServer is running on port 8082[34m[39m
2023-09-12 10:56:51:5651 [31m[31merror[31m[39m: [31m[31mServerError Invalid login: 535-5.7.8 Username and Password not accepted. Learn more at[31m[39m
[31m[31m535 5.7.8  https://support.google.com/mail/?p=BadCredentials z18-20020a1c4c12000000b003fedcd02e2asm12299951wmf.35 - gsmtp[31m[39m
2023-09-12 10:56:51:5651 [35m[35mhttp[35m[39m: [35m[35mPOST /auth/register 500 33 - 385.005 ms[35m[39m
[35m[35m[35m[39m
2023-09-12 10:58:41:5841 [31m[31merror[31m[39m: [31m[31mServerError Invalid login: 535-5.7.8 Username and Password not accepted. Learn more at[31m[39m
[31m[31m535 5.7.8  https://support.google.com/mail/?p=BadCredentials k13-20020a05600c1c8d00b00402ff8d6086sm10281641wms.18 - gsmtp[31m[39m
2023-09-12 10:58:41:5841 [35m[35mhttp[35m[39m: [35m[35mPOST /auth/register 500 33 - 396.814 ms[35m[39m
[35m[35m[35m[39m
2023-09-12 11:02:26:226 [34m[34minfo[34m[39m: [34m[34mServer is running on port 8082[34m[39m
2023-09-12 11:02:33:233 [31m[31merror[31m[39m: [31m[31mServerError Invalid login: 535-5.7.8 Username and Password not accepted. Learn more at[31m[39m
[31m[31m535 5.7.8  https://support.google.com/mail/?p=BadCredentials s14-20020a05600c044e00b003feff926fc5sm12208725wmb.17 - gsmtp[31m[39m
2023-09-12 11:02:33:233 [35m[35mhttp[35m[39m: [35m[35mPOST /auth/register 500 33 - 258.210 ms[35m[39m
[35m[35m[35m[39m
2023-09-12 11:14:00:140 [31m[31merror[31m[39m: [31m[31mServerError Invalid login: 534-5.7.9 Application-specific password required. Learn more at[31m[39m
[31m[31m534 5.7.9  https://support.google.com/mail/?p=InvalidSecondFactor dd7-20020a0560001e8700b0031c8a43712asm10151136wrb.69 - gsmtp[31m[39m
2023-09-12 11:14:00:140 [35m[35mhttp[35m[39m: [35m[35mPOST /auth/register 500 33 - 325.609 ms[35m[39m
[35m[35m[35m[39m
2023-09-12 11:14:23:1423 [31m[31merror[31m[39m: [31m[31mServerError Invalid login: 534-5.7.9 Application-specific password required. Learn more at[31m[39m
[31m[31m534 5.7.9  https://support.google.com/mail/?p=InvalidSecondFactor o13-20020a05600c510d00b003fee777fd84sm9748508wms.41 - gsmtp[31m[39m
2023-09-12 11:14:23:1423 [35m[35mhttp[35m[39m: [35m[35mPOST /auth/register 500 33 - 226.011 ms[35m[39m
[35m[35m[35m[39m
2023-09-12 11:16:26:1626 [31m[31merror[31m[39m: [31m[31mServerError Invalid login: 534-5.7.9 Application-specific password required. Learn more at[31m[39m
[31m[31m534 5.7.9  https://support.google.com/mail/?p=InvalidSecondFactor o8-20020a1c7508000000b003fed7fa6c00sm15731778wmc.7 - gsmtp[31m[39m
2023-09-12 11:16:26:1626 [35m[35mhttp[35m[39m: [35m[35mPOST /auth/register 500 33 - 279.094 ms[35m[39m
[35m[35m[35m[39m
2023-09-12 11:20:24:2024 [34m[34minfo[34m[39m: [34m[34mServer is running on port 8082[34m[39m
2023-09-12 11:20:29:2029 [35m[35mhttp[35m[39m: [35m[35mPOST /auth/register 201 76 - 1166.528 ms[35m[39m
[35m[35m[35m[39m
2023-09-12 11:54:14:5414 [34m[34minfo[34m[39m: [34m[34mServer is running on port 8082[34m[39m
2023-09-12 11:54:45:5445 [34m[34minfo[34m[39m: [34m[34mServer is running on port 8082[34m[39m
2023-09-12 11:54:53:5453 [34m[34minfo[34m[39m: [34m[34mServer is running on port 8082[34m[39m
2023-09-12 11:55:37:5537 [34m[34minfo[34m[39m: [34m[34mServer is running on port 8082[34m[39m
2023-09-12 11:56:32:5632 [34m[34minfo[34m[39m: [34m[34mServer is running on port 8082[34m[39m
2023-09-12 11:57:15:5715 [34m[34minfo[34m[39m: [34m[34mServer is running on port 8082[34m[39m
2023-09-12 11:59:48:5948 [34m[34minfo[34m[39m: [34m[34mServer is running on port 8082[34m[39m
2023-09-12 12:00:41:041 [34m[34minfo[34m[39m: [34m[34mServer is running on port 8082[34m[39m
2023-09-12 12:00:50:050 [34m[34minfo[34m[39m: [34m[34mServer is running on port 8082[34m[39m
2023-09-12 12:02:13:213 [34m[34minfo[34m[39m: [34m[34mServer is running on port 8082[34m[39m
2023-09-12 12:02:56:256 [34m[34minfo[34m[39m: [34m[34mServer is running on port 8082[34m[39m
2023-09-12 12:03:09:39 [34m[34minfo[34m[39m: [34m[34mServer is running on port 8082[34m[39m
2023-09-12 12:05:17:517 [34m[34minfo[34m[39m: [34m[34mServer is running on port 8082[34m[39m
2023-09-12 12:05:32:532 [34m[34minfo[34m[39m: [34m[34mServer is running on port 8082[34m[39m
2023-09-12 12:07:28:728 [34m[34minfo[34m[39m: [34m[34mServer is running on port 8082[34m[39m
2023-09-12 12:07:48:748 [34m[34minfo[34m[39m: [34m[34mServer is running on port 8082[34m[39m
2023-09-12 12:11:11:1111 [34m[34minfo[34m[39m: [34m[34mServer is running on port 8082[34m[39m
2023-09-12 12:11:14:1114 [34m[34minfo[34m[39m: [34m[34mServer is running on port 8082[34m[39m
2023-09-12 12:11:26:1126 [34m[34minfo[34m[39m: [34m[34mServer is running on port 8082[34m[39m
2023-09-12 12:16:23:1623 [34m[34minfo[34m[39m: [34m[34mServer is running on port 8082[34m[39m
2023-09-12 12:17:02:172 [34m[34minfo[34m[39m: [34m[34mServer is running on port 8082[34m[39m
2023-09-12 12:18:56:1856 [34m[34minfo[34m[39m: [34m[34mServer is running on port 8082[34m[39m
2023-09-12 12:19:12:1912 [34m[34minfo[34m[39m: [34m[34mServer is running on port 8082[34m[39m
2023-09-12 12:19:16:1916 [31m[31merror[31m[39m: [31m[31mNotFoundError Request couldn't match any routes[31m[39m
2023-09-12 12:19:16:1916 [35m[35mhttp[35m[39m: [35m[35mGET /auth/16/verify/eyJhbGciOiJIUzI1NiIsInR5cCI6IkpXVCJ9.eyIwIjp7InVzZXJJZCI6MTZ9LCJpYXQiOjE2OTQ1MTA0MjgsImV4cCI6MTY5NDY4MzIyOH0.iN4kZ-x6jZfqtj7TVvGyfUJODw0Ty-xsbtew3--DCOo 404 37 - 7.497 ms[35m[39m
[35m[35m[35m[39m
2023-09-12 12:19:55:1955 [34m[34minfo[34m[39m: [34m[34mServer is running on port 8082[34m[39m
2023-09-12 12:19:57:1957 [31m[31merror[31m[39m: [31m[31mUnknow error Cannot set headers after they are sent to the client[31m[39m
2023-09-12 12:19:57:1957 [35m[35mhttp[35m[39m: [35m[35mGET /auth/16/verify/eyJhbGciOiJIUzI1NiIsInR5cCI6IkpXVCJ9.eyIwIjp7InVzZXJJZCI6MTZ9LCJpYXQiOjE2OTQ1MTA0MjgsImV4cCI6MTY5NDY4MzIyOH0.iN4kZ-x6jZfqtj7TVvGyfUJODw0Ty-xsbtew3--DCOo 500 24 - 5.844 ms[35m[39m
[35m[35m[35m[39m
2023-09-12 12:20:13:2013 [31m[31merror[31m[39m: [31m[31mUnknow error Cannot set headers after they are sent to the client[31m[39m
2023-09-12 12:20:13:2013 [35m[35mhttp[35m[39m: [35m[35mGET /auth/16/verify/eyJhbGciOiJIUzI1NiIsInR5cCI6IkpXVCJ9.eyIwIjp7InVzZXJJZCI6MTZ9LCJpYXQiOjE2OTQ1MTA0MjgsImV4cCI6MTY5NDY4MzIyOH0.iN4kZ-x6jZfqtj7TVvGyfUJODw0Ty-xsbtew3--DCOo 500 - - 2.023 ms[35m[39m
[35m[35m[35m[39m
2023-09-12 12:21:00:210 [34m[34minfo[34m[39m: [34m[34mServer is running on port 8082[34m[39m
2023-09-12 12:21:04:214 [31m[31merror[31m[39m: [31m[31mUnknow error Cannot set headers after they are sent to the client[31m[39m
2023-09-12 12:21:04:214 [35m[35mhttp[35m[39m: [35m[35mGET /auth/16/verify/eyJhbGciOiJIUzI1NiIsInR5cCI6IkpXVCJ9.eyIwIjp7InVzZXJJZCI6MTZ9LCJpYXQiOjE2OTQ1MTA0MjgsImV4cCI6MTY5NDY4MzIyOH0.iN4kZ-x6jZfqtj7TVvGyfUJODw0Ty-xsbtew3--DCOo 500 - - 5.376 ms[35m[39m
[35m[35m[35m[39m
2023-09-12 12:21:43:2143 [34m[34minfo[34m[39m: [34m[34mServer is running on port 8082[34m[39m
2023-09-12 12:21:49:2149 [31m[31merror[31m[39m: [31m[31mUnknow error Cannot set headers after they are sent to the client[31m[39m
2023-09-12 12:21:49:2149 [35m[35mhttp[35m[39m: [35m[35mGET /auth/16/verify/eyJhbGciOiJIUzI1NiIsInR5cCI6IkpXVCJ9.eyIwIjp7InVzZXJJZCI6MTZ9LCJpYXQiOjE2OTQ1MTA0MjgsImV4cCI6MTY5NDY4MzIyOH0.iN4kZ-x6jZfqtj7TVvGyfUJODw0Ty-xsbtew3--DCOo 500 - - 6.266 ms[35m[39m
[35m[35m[35m[39m
2023-09-12 12:22:24:2224 [34m[34minfo[34m[39m: [34m[34mServer is running on port 8082[34m[39m
2023-09-12 12:22:26:2226 [31m[31merror[31m[39m: [31m[31mUnknow error Cannot set headers after they are sent to the client[31m[39m
2023-09-12 12:22:26:2226 [35m[35mhttp[35m[39m: [35m[35mGET /auth/16/verify/eyJhbGciOiJIUzI1NiIsInR5cCI6IkpXVCJ9.eyIwIjp7InVzZXJJZCI6MTZ9LCJpYXQiOjE2OTQ1MTA0MjgsImV4cCI6MTY5NDY4MzIyOH0.iN4kZ-x6jZfqtj7TVvGyfUJODw0Ty-xsbtew3--DCOo 500 - - 121.545 ms[35m[39m
[35m[35m[35m[39m
2023-09-12 12:25:58:2558 [34m[34minfo[34m[39m: [34m[34mServer is running on port 8082[34m[39m
2023-09-12 12:27:21:2721 [34m[34minfo[34m[39m: [34m[34mServer is running on port 8082[34m[39m
2023-09-12 12:27:39:2739 [34m[34minfo[34m[39m: [34m[34mServer is running on port 8082[34m[39m
2023-09-12 12:28:23:2823 [34m[34minfo[34m[39m: [34m[34mServer is running on port 8082[34m[39m
2023-09-12 12:28:25:2825 [35m[35mhttp[35m[39m: [35m[35mGET /auth/16/verify/eyJhbGciOiJIUzI1NiIsInR5cCI6IkpXVCJ9.eyIwIjp7InVzZXJJZCI6MTZ9LCJpYXQiOjE2OTQ1MTA0MjgsImV4cCI6MTY5NDY4MzIyOH0.iN4kZ-x6jZfqtj7TVvGyfUJODw0Ty-xsbtew3--DCOo 304 - - 7.148 ms[35m[39m
[35m[35m[35m[39m
2023-09-12 12:28:25:2825 [31m[31merror[31m[39m: [31m[31mServerError Invalid user id[31m[39m
2023-09-12 12:28:50:2850 [34m[34minfo[34m[39m: [34m[34mServer is running on port 8082[34m[39m
2023-09-12 12:28:53:2853 [35m[35mhttp[35m[39m: [35m[35mGET /auth/16/verify/eyJhbGciOiJIUzI1NiIsInR5cCI6IkpXVCJ9.eyIwIjp7InVzZXJJZCI6MTZ9LCJpYXQiOjE2OTQ1MTA0MjgsImV4cCI6MTY5NDY4MzIyOH0.iN4kZ-x6jZfqtj7TVvGyfUJODw0Ty-xsbtew3--DCOo 304 - - 7.339 ms[35m[39m
[35m[35m[35m[39m
2023-09-12 12:28:53:2853 [31m[31merror[31m[39m: [31m[31mServerError Invalid user id[31m[39m
2023-09-12 12:29:12:2912 [34m[34minfo[34m[39m: [34m[34mServer is running on port 8082[34m[39m
2023-09-12 12:29:17:2917 [35m[35mhttp[35m[39m: [35m[35mGET /auth/16/verify/eyJhbGciOiJIUzI1NiIsInR5cCI6IkpXVCJ9.eyIwIjp7InVzZXJJZCI6MTZ9LCJpYXQiOjE2OTQ1MTA0MjgsImV4cCI6MTY5NDY4MzIyOH0.iN4kZ-x6jZfqtj7TVvGyfUJODw0Ty-xsbtew3--DCOo 304 - - 7.661 ms[35m[39m
[35m[35m[35m[39m
2023-09-12 12:29:17:2917 [31m[31merror[31m[39m: [31m[31mServerError Invalid user id[31m[39m
2023-09-12 12:29:56:2956 [34m[34minfo[34m[39m: [34m[34mServer is running on port 8082[34m[39m
2023-09-12 12:30:00:300 [31m[31merror[31m[39m: [31m[31mServerError Invalid token[31m[39m
2023-09-12 12:30:00:300 [35m[35mhttp[35m[39m: [35m[35mGET /auth/16/verify/eyJhbGciOiJIUzI1NiIsInR5cCI6IkpXVCJ9.eyIwIjp7InVzZXJJZCI6MTZ9LCJpYXQiOjE2OTQ1MTA0MjgsImV4cCI6MTY5NDY4MzIyOH0.iN4kZ-x6jZfqtj7TVvGyfUJODw0Ty-xsbtew3--DCOo 500 33 - 10.318 ms[35m[39m
[35m[35m[35m[39m
2023-09-12 12:30:30:3030 [34m[34minfo[34m[39m: [34m[34mServer is running on port 8082[34m[39m
2023-09-12 12:30:32:3032 [31m[31merror[31m[39m: [31m[31mServerError Invalid token[31m[39m
2023-09-12 12:30:32:3032 [35m[35mhttp[35m[39m: [35m[35mGET /auth/16/verify/eyJhbGciOiJIUzI1NiIsInR5cCI6IkpXVCJ9.eyIwIjp7InVzZXJJZCI6MTZ9LCJpYXQiOjE2OTQ1MTA0MjgsImV4cCI6MTY5NDY4MzIyOH0.iN4kZ-x6jZfqtj7TVvGyfUJODw0Ty-xsbtew3--DCOo 500 33 - 10.817 ms[35m[39m
[35m[35m[35m[39m
2023-09-12 12:31:20:3120 [34m[34minfo[34m[39m: [34m[34mServer is running on port 8082[34m[39m
2023-09-12 12:31:22:3122 [31m[31merror[31m[39m: [31m[31mUnknow error Cannot read properties of undefined (reading 'userId')[31m[39m
2023-09-12 12:31:22:3122 [35m[35mhttp[35m[39m: [35m[35mGET /auth/16/verify/eyJhbGciOiJIUzI1NiIsInR5cCI6IkpXVCJ9.eyIwIjp7InVzZXJJZCI6MTZ9LCJpYXQiOjE2OTQ1MTA0MjgsImV4cCI6MTY5NDY4MzIyOH0.iN4kZ-x6jZfqtj7TVvGyfUJODw0Ty-xsbtew3--DCOo 500 66 - 31.412 ms[35m[39m
[35m[35m[35m[39m
2023-09-12 12:31:41:3141 [34m[34minfo[34m[39m: [34m[34mServer is running on port 8082[34m[39m
2023-09-12 12:31:48:3148 [31m[31merror[31m[39m: [31m[31mUnknow error SQLite3 can only bind numbers, strings, bigints, buffers, and null[31m[39m
2023-09-12 12:31:48:3148 [35m[35mhttp[35m[39m: [35m[35mGET /auth/16/verify/eyJhbGciOiJIUzI1NiIsInR5cCI6IkpXVCJ9.eyIwIjp7InVzZXJJZCI6MTZ9LCJpYXQiOjE2OTQ1MTA0MjgsImV4cCI6MTY5NDY4MzIyOH0.iN4kZ-x6jZfqtj7TVvGyfUJODw0Ty-xsbtew3--DCOo 500 78 - 83.479 ms[35m[39m
[35m[35m[35m[39m
2023-09-12 12:39:36:3936 [34m[34minfo[34m[39m: [34m[34mServer is running on port 8082[34m[39m
2023-09-12 12:40:05:405 [31m[31merror[31m[39m: [31m[31mServerError Couldn't update user[31m[39m
2023-09-12 12:40:05:405 [35m[35mhttp[35m[39m: [35m[35mGET /auth/16/verify/eyJhbGciOiJIUzI1NiIsInR5cCI6IkpXVCJ9.eyIwIjp7InVzZXJJZCI6MTZ9LCJpYXQiOjE2OTQ1MTA0MjgsImV4cCI6MTY5NDY4MzIyOH0.iN4kZ-x6jZfqtj7TVvGyfUJODw0Ty-xsbtew3--DCOo 500 33 - 218.638 ms[35m[39m
[35m[35m[35m[39m
2023-09-12 12:42:31:4231 [34m[34minfo[34m[39m: [34m[34mServer is running on port 8082[34m[39m
2023-09-12 12:43:23:4323 [34m[34minfo[34m[39m: [34m[34mServer is running on port 8082[34m[39m
2023-09-12 12:44:21:4421 [34m[34minfo[34m[39m: [34m[34mServer is running on port 8082[34m[39m
2023-09-12 12:44:51:4451 [35m[35mhttp[35m[39m: [35m[35mPOST /auth/register 201 76 - 1784.243 ms[35m[39m
[35m[35m[35m[39m
2023-09-12 12:47:45:4745 [31m[31merror[31m[39m: [31m[31mServerError Couldn't update user[31m[39m
2023-09-12 12:47:45:4745 [35m[35mhttp[35m[39m: [35m[35mGET /auth/1/verify/eyJhbGciOiJIUzI1NiIsInR5cCI6IkpXVCJ9.eyIwIjp7InVzZXJJZCI6MX0sImlhdCI6MTY5NDUxNTQ4OSwiZXhwIjoxNjk0NTE5MDg5fQ.JrcGQaZt6A3IfZKl86VK1gOLdqXjJWSMyoCkd1O08QA 500 33 - 42.264 ms[35m[39m
[35m[35m[35m[39m
2023-09-12 12:49:58:4958 [34m[34minfo[34m[39m: [34m[34mServer is running on port 8082[34m[39m
2023-09-12 12:50:14:5014 [34m[34minfo[34m[39m: [34m[34mServer is running on port 8082[34m[39m
2023-09-12 12:50:17:5017 [35m[35mhttp[35m[39m: [35m[35mPOST /auth/register 201 76 - 1014.518 ms[35m[39m
[35m[35m[35m[39m
2023-09-12 12:50:24:5024 [31m[31merror[31m[39m: [31m[31mServerError Couldn't update user[31m[39m
2023-09-12 12:50:24:5024 [35m[35mhttp[35m[39m: [35m[35mGET /auth/1/verify/eyJhbGciOiJIUzI1NiIsInR5cCI6IkpXVCJ9.eyIwIjp7InVzZXJJZCI6MX0sImlhdCI6MTY5NDUxNTgxNiwiZXhwIjoxNjk0NTE5NDE2fQ.cxC3pJ9HdKxF6VK79LrIaobT9lZZJ-DnzuWmVErNMQQ 500 33 - 43.486 ms[35m[39m
[35m[35m[35m[39m
2023-09-12 12:52:06:526 [34m[34minfo[34m[39m: [34m[34mServer is running on port 8082[34m[39m
2023-09-12 12:52:16:5216 [35m[35mhttp[35m[39m: [35m[35mPOST /auth/register 201 76 - 1130.241 ms[35m[39m
[35m[35m[35m[39m
2023-09-12 12:52:26:5226 [31m[31merror[31m[39m: [31m[31mServerError Couldn't update user[31m[39m
2023-09-12 12:52:26:5226 [35m[35mhttp[35m[39m: [35m[35mGET /auth/2/verify/eyJhbGciOiJIUzI1NiIsInR5cCI6IkpXVCJ9.eyIwIjp7InVzZXJJZCI6Mn0sImlhdCI6MTY5NDUxNTkzNSwiZXhwIjoxNjk0NTE5NTM1fQ.dhwWA5fbAzu1M17CtOTvJ82MEP-3ST98hRMgR5w3Wbg 500 33 - 42.309 ms[35m[39m
[35m[35m[35m[39m
2023-09-12 12:53:08:538 [34m[34minfo[34m[39m: [34m[34mServer is running on port 8082[34m[39m
2023-09-12 12:53:15:5315 [35m[35mhttp[35m[39m: [35m[35mPOST /auth/register 201 76 - 1398.834 ms[35m[39m
[35m[35m[35m[39m
2023-09-12 12:53:41:5341 [31m[31merror[31m[39m: [31m[31mServerError Couldn't update user[31m[39m
2023-09-12 12:53:41:5341 [35m[35mhttp[35m[39m: [35m[35mGET /auth/3/verify/eyJhbGciOiJIUzI1NiIsInR5cCI6IkpXVCJ9.eyIwIjp7InVzZXJJZCI6M30sImlhdCI6MTY5NDUxNTk5NCwiZXhwIjoxNjk0NTE5NTk0fQ.VXKHjmfB4Zi9XMLN3_Wv_zCV_OZzHL5Rgv4UhawWK3o 500 33 - 43.461 ms[35m[39m
[35m[35m[35m[39m
2023-09-12 12:54:02:542 [34m[34minfo[34m[39m: [34m[34mServer is running on port 8082[34m[39m
2023-09-12 12:54:06:546 [35m[35mhttp[35m[39m: [35m[35mGET /auth/3/verify/eyJhbGciOiJIUzI1NiIsInR5cCI6IkpXVCJ9.eyIwIjp7InVzZXJJZCI6M30sImlhdCI6MTY5NDUxNTk5NCwiZXhwIjoxNjk0NTE5NTk0fQ.VXKHjmfB4Zi9XMLN3_Wv_zCV_OZzHL5Rgv4UhawWK3o 302 108 - 41.635 ms[35m[39m
[35m[35m[35m[39m
2023-09-12 12:54:06:546 [35m[35mhttp[35m[39m: [35m[35mGET /api/user/me 401 24 - 2.184 ms[35m[39m
[35m[35m[35m[39m
2023-09-12 12:54:06:546 [35m[35mhttp[35m[39m: [35m[35mGET /auth/refresh 200 214 - 5.193 ms[35m[39m
[35m[35m[35m[39m
2023-09-12 12:54:06:546 [35m[35mhttp[35m[39m: [35m[35mOPTIONS /api/user/me 204 0 - 0.410 ms[35m[39m
[35m[35m[35m[39m
2023-09-12 12:54:06:546 [35m[35mhttp[35m[39m: [35m[35mGET /api/user/me 304 - - 7.973 ms[35m[39m
[35m[35m[35m[39m
2023-09-12 12:54:21:5421 [35m[35mhttp[35m[39m: [35m[35mPOST /auth/register 201 76 - 1112.031 ms[35m[39m
[35m[35m[35m[39m
2023-09-12 12:54:34:5434 [35m[35mhttp[35m[39m: [35m[35mGET /auth/4/verify/eyJhbGciOiJIUzI1NiIsInR5cCI6IkpXVCJ9.eyIwIjp7InVzZXJJZCI6NH0sImlhdCI6MTY5NDUxNjA2MCwiZXhwIjoxNjk0NTE5NjYwfQ.LKIjHZjbZDYT126-NUIPwxaqFf-CR3GgpKVnMtaoAF4 302 108 - 13.799 ms[35m[39m
[35m[35m[35m[39m
2023-09-12 12:54:34:5434 [35m[35mhttp[35m[39m: [35m[35mGET /api/user/me 401 24 - 0.324 ms[35m[39m
[35m[35m[35m[39m
2023-09-12 12:54:34:5434 [35m[35mhttp[35m[39m: [35m[35mGET /auth/refresh 200 214 - 3.236 ms[35m[39m
[35m[35m[35m[39m
2023-09-12 12:54:34:5434 [35m[35mhttp[35m[39m: [35m[35mOPTIONS /api/user/me 204 0 - 0.203 ms[35m[39m
[35m[35m[35m[39m
2023-09-12 12:54:34:5434 [35m[35mhttp[35m[39m: [35m[35mGET /api/user/me 304 - - 4.014 ms[35m[39m
[35m[35m[35m[39m
2023-09-12 12:55:02:552 [35m[35mhttp[35m[39m: [35m[35mGET /api/user/me 401 24 - 0.382 ms[35m[39m
[35m[35m[35m[39m
2023-09-12 12:55:02:552 [35m[35mhttp[35m[39m: [35m[35mGET /auth/refresh 200 214 - 3.381 ms[35m[39m
[35m[35m[35m[39m
2023-09-12 12:55:03:553 [35m[35mhttp[35m[39m: [35m[35mOPTIONS /api/user/me 204 0 - 0.172 ms[35m[39m
[35m[35m[35m[39m
2023-09-12 12:55:03:553 [35m[35mhttp[35m[39m: [35m[35mGET /api/user/me 304 - - 4.054 ms[35m[39m
[35m[35m[35m[39m
2023-09-12 12:55:06:556 [35m[35mhttp[35m[39m: [35m[35mGET /api/user/me 401 24 - 0.535 ms[35m[39m
[35m[35m[35m[39m
2023-09-12 12:55:06:556 [35m[35mhttp[35m[39m: [35m[35mGET /auth/refresh 200 214 - 3.376 ms[35m[39m
[35m[35m[35m[39m
2023-09-12 12:55:06:556 [35m[35mhttp[35m[39m: [35m[35mGET /api/user/me 304 - - 4.556 ms[35m[39m
[35m[35m[35m[39m
2023-09-12 12:55:11:5511 [35m[35mhttp[35m[39m: [35m[35mGET /api/user/me 401 24 - 0.486 ms[35m[39m
[35m[35m[35m[39m
2023-09-12 12:55:11:5511 [35m[35mhttp[35m[39m: [35m[35mGET /auth/refresh 200 214 - 2.140 ms[35m[39m
[35m[35m[35m[39m
2023-09-12 12:55:11:5511 [35m[35mhttp[35m[39m: [35m[35mOPTIONS /api/user/me 204 0 - 0.169 ms[35m[39m
[35m[35m[35m[39m
2023-09-12 12:55:11:5511 [35m[35mhttp[35m[39m: [35m[35mGET /api/user/me 304 - - 2.411 ms[35m[39m
[35m[35m[35m[39m
