2023-09-11 14:15:12:1512 [31m[31merror[31m[39m: [31m[31mAuthorizationError unauthorized refresh token[31m[39m
2023-09-11 14:15:13:1513 [31m[31merror[31m[39m: [31m[31mAuthorizationError unauthorized refresh token[31m[39m
2023-09-11 14:15:31:1531 [31m[31merror[31m[39m: [31m[31mAuthorizationError unauthorized refresh token[31m[39m
2023-09-11 14:15:33:1533 [31m[31merror[31m[39m: [31m[31mAuthorizationError unauthorized refresh token[31m[39m
2023-09-11 14:47:17:4717 [31m[31merror[31m[39m: [31m[31mNotFoundError Request couldn't match any routes[31m[39m
2023-09-11 14:47:17:4717 [31m[31merror[31m[39m: [31m[31mNotFoundError Request couldn't match any routes[31m[39m
2023-09-11 14:52:42:5242 [31m[31merror[31m[39m: [31m[31mNotFoundError Request couldn't match any routes[31m[39m
2023-09-11 14:55:55:5555 [31m[31merror[31m[39m: [31m[31mNotFoundError Request couldn't match any routes[31m[39m
2023-09-11 14:55:58:5558 [31m[31merror[31m[39m: [31m[31mNotFoundError Request couldn't match any routes[31m[39m
2023-09-11 14:57:34:5734 [31m[31merror[31m[39m: [31m[31mNotFoundError Request couldn't match any routes[31m[39m
2023-09-11 15:00:21:021 [31m[31merror[31m[39m: [31m[31mNotFoundError Request couldn't match any routes[31m[39m
2023-09-11 15:00:41:041 [31m[31merror[31m[39m: [31m[31mNotFoundError Request couldn't match any routes[31m[39m
2023-09-11 15:01:08:18 [31m[31merror[31m[39m: [31m[31mNotFoundError Request couldn't match any routes[31m[39m
2023-09-11 15:48:37:4837 [31m[31merror[31m[39m: [31m[31mUnknow error Cannot destructure property 'access_token' of '(intermediate value)' as it is undefined.[31m[39m
2023-09-11 16:36:57:3657 [31m[31merror[31m[39m: [31m[31mUnknow error AxiosError: Request failed with status code 401[31m[39m
2023-09-11 16:37:31:3731 [31m[31merror[31m[39m: [31m[31mUnknow error AxiosError: Request failed with status code 401[31m[39m
2023-09-11 17:26:34:2634 [31m[31merror[31m[39m: [31m[31mUnknow error table profile has no column named avatar[31m[39m
2023-09-11 17:27:39:2739 [31m[31merror[31m[39m: [31m[31mUnknow error Cannot set headers after they are sent to the client[31m[39m
2023-09-11 17:28:32:2832 [31m[31merror[31m[39m: [31m[31mUnknow error Cannot set headers after they are sent to the client[31m[39m
2023-09-11 17:29:29:2929 [31m[31merror[31m[39m: [31m[31mAuthorizationError unauthorized refresh token[31m[39m
2023-09-11 17:29:30:2930 [31m[31merror[31m[39m: [31m[31mAuthorizationError unauthorized refresh token[31m[39m
2023-09-11 17:34:12:3412 [31m[31merror[31m[39m: [31m[31mAuthorizationError unauthorized refresh token[31m[39m
2023-09-11 17:34:14:3414 [31m[31merror[31m[39m: [31m[31mAuthorizationError unauthorized refresh token[31m[39m
2023-09-11 18:09:12:912 [31m[31merror[31m[39m: [31m[31mAuthorizationError unauthorized refresh token[31m[39m
2023-09-11 18:10:35:1035 [31m[31merror[31m[39m: [31m[31mAuthorizationError unauthorized refresh token[31m[39m
2023-09-11 18:10:41:1041 [31m[31merror[31m[39m: [31m[31mAuthorizationError unauthorized refresh token[31m[39m
2023-09-11 18:10:44:1044 [31m[31merror[31m[39m: [31m[31mAuthorizationError unauthorized refresh token[31m[39m
2023-09-11 18:10:49:1049 [31m[31merror[31m[39m: [31m[31mAuthorizationError unauthorized refresh token[31m[39m
2023-09-11 18:10:50:1050 [31m[31merror[31m[39m: [31m[31mAuthorizationError unauthorized refresh token[31m[39m
2023-09-11 18:11:04:114 [31m[31merror[31m[39m: [31m[31mAuthorizationError unauthorized refresh token[31m[39m
2023-09-11 18:11:05:115 [31m[31merror[31m[39m: [31m[31mAuthorizationError unauthorized refresh token[31m[39m
2023-09-11 18:11:12:1112 [31m[31merror[31m[39m: [31m[31mAuthorizationError unauthorized refresh token[31m[39m
2023-09-11 18:11:13:1113 [31m[31merror[31m[39m: [31m[31mAuthorizationError unauthorized refresh token[31m[39m
2023-09-11 18:14:04:144 [31m[31merror[31m[39m: [31m[31mAuthorizationError unauthorized refresh token[31m[39m
2023-09-11 18:14:05:145 [31m[31merror[31m[39m: [31m[31mAuthorizationError unauthorized refresh token[31m[39m
2023-09-11 18:15:12:1512 [31m[31merror[31m[39m: [31m[31mAuthorizationError unauthorized refresh token[31m[39m
2023-09-11 18:15:14:1514 [31m[31merror[31m[39m: [31m[31mAuthorizationError unauthorized refresh token[31m[39m
2023-09-11 18:16:06:166 [31m[31merror[31m[39m: [31m[31mAuthorizationError unauthorized refresh token[31m[39m
2023-09-11 18:16:07:167 [31m[31merror[31m[39m: [31m[31mAuthorizationError unauthorized refresh token[31m[39m
2023-09-11 18:17:51:1751 [31m[31merror[31m[39m: [31m[31mAuthorizationError unauthorized refresh token[31m[39m
2023-09-11 18:17:54:1754 [31m[31merror[31m[39m: [31m[31mAuthorizationError unauthorized refresh token[31m[39m
2023-09-11 18:17:59:1759 [31m[31merror[31m[39m: [31m[31mAuthorizationError unauthorized refresh token[31m[39m
2023-09-11 18:18:00:180 [31m[31merror[31m[39m: [31m[31mAuthorizationError unauthorized refresh token[31m[39m
2023-09-11 18:18:29:1829 [31m[31merror[31m[39m: [31m[31mAuthorizationError unauthorized refresh token[31m[39m
2023-09-11 18:18:37:1837 [31m[31merror[31m[39m: [31m[31mAuthorizationError unauthorized refresh token[31m[39m
2023-09-11 18:18:39:1839 [31m[31merror[31m[39m: [31m[31mAuthorizationError unauthorized refresh token[31m[39m
2023-09-11 18:18:40:1840 [31m[31merror[31m[39m: [31m[31mAuthorizationError unauthorized refresh token[31m[39m
2023-09-11 18:18:43:1843 [31m[31merror[31m[39m: [31m[31mAuthorizationError unauthorized refresh token[31m[39m
2023-09-11 18:18:44:1844 [31m[31merror[31m[39m: [31m[31mAuthorizationError unauthorized refresh token[31m[39m
2023-09-11 18:18:57:1857 [31m[31merror[31m[39m: [31m[31mAuthorizationError unauthorized refresh token[31m[39m
2023-09-11 18:19:01:191 [31m[31merror[31m[39m: [31m[31mAuthorizationError unauthorized refresh token[31m[39m
2023-09-11 18:19:05:195 [31m[31merror[31m[39m: [31m[31mAuthorizationError unauthorized refresh token[31m[39m
2023-09-11 18:19:06:196 [31m[31merror[31m[39m: [31m[31mAuthorizationError unauthorized refresh token[31m[39m
2023-09-11 18:25:02:252 [31m[31merror[31m[39m: [31m[31mAuthorizationError unauthorized refresh token[31m[39m
2023-09-11 18:25:03:253 [31m[31merror[31m[39m: [31m[31mAuthorizationError unauthorized refresh token[31m[39m
2023-09-11 18:27:20:2720 [31m[31merror[31m[39m: [31m[31mAuthorizationError unauthorized refresh token[31m[39m
2023-09-11 18:27:31:2731 [31m[31merror[31m[39m: [31m[31mAuthorizationError unauthorized refresh token[31m[39m
2023-09-11 18:27:33:2733 [31m[31merror[31m[39m: [31m[31mAuthorizationError unauthorized refresh token[31m[39m
2023-09-11 18:27:34:2734 [31m[31merror[31m[39m: [31m[31mAuthorizationError unauthorized refresh token[31m[39m
2023-09-11 18:28:07:287 [31m[31merror[31m[39m: [31m[31mAuthorizationError unauthorized refresh token[31m[39m
2023-09-11 18:28:08:288 [31m[31merror[31m[39m: [31m[31mAuthorizationError unauthorized refresh token[31m[39m
2023-09-11 18:28:10:2810 [31m[31merror[31m[39m: [31m[31mAuthorizationError unauthorized refresh token[31m[39m
2023-09-11 18:28:11:2811 [31m[31merror[31m[39m: [31m[31mAuthorizationError unauthorized refresh token[31m[39m
2023-09-11 18:28:52:2852 [31m[31merror[31m[39m: [31m[31mAuthorizationError unauthorized refresh token[31m[39m
2023-09-11 18:28:53:2853 [31m[31merror[31m[39m: [31m[31mAuthorizationError unauthorized refresh token[31m[39m
2023-09-11 18:29:19:2919 [31m[31merror[31m[39m: [31m[31mAuthorizationError unauthorized refresh token[31m[39m
2023-09-11 18:29:20:2920 [31m[31merror[31m[39m: [31m[31mAuthorizationError unauthorized refresh token[31m[39m
2023-09-11 18:29:22:2922 [31m[31merror[31m[39m: [31m[31mAuthorizationError unauthorized refresh token[31m[39m
2023-09-11 18:29:23:2923 [31m[31merror[31m[39m: [31m[31mAuthorizationError unauthorized refresh token[31m[39m
2023-09-11 18:29:25:2925 [31m[31merror[31m[39m: [31m[31mAuthorizationError unauthorized refresh token[31m[39m
2023-09-11 18:29:26:2926 [31m[31merror[31m[39m: [31m[31mAuthorizationError unauthorized refresh token[31m[39m
2023-09-11 18:29:31:2931 [31m[31merror[31m[39m: [31m[31mAuthorizationError unauthorized refresh token[31m[39m
2023-09-11 18:29:32:2932 [31m[31merror[31m[39m: [31m[31mAuthorizationError unauthorized refresh token[31m[39m
2023-09-11 18:30:07:307 [31m[31merror[31m[39m: [31m[31mAuthorizationError unauthorized refresh token[31m[39m
2023-09-11 18:30:08:308 [31m[31merror[31m[39m: [31m[31mAuthorizationError unauthorized refresh token[31m[39m
2023-09-11 18:30:32:3032 [31m[31merror[31m[39m: [31m[31mAuthorizationError unauthorized refresh token[31m[39m
2023-09-11 18:30:33:3033 [31m[31merror[31m[39m: [31m[31mAuthorizationError unauthorized refresh token[31m[39m
2023-09-11 18:30:36:3036 [31m[31merror[31m[39m: [31m[31mUserInputError Can't find any user with this email[31m[39m
2023-09-11 18:30:39:3039 [31m[31merror[31m[39m: [31m[31mUserInputError Can't find any user with this email[31m[39m
2023-09-11 18:30:40:3040 [31m[31merror[31m[39m: [31m[31mAuthorizationError unauthorized refresh token[31m[39m
2023-09-11 18:30:41:3041 [31m[31merror[31m[39m: [31m[31mAuthorizationError unauthorized refresh token[31m[39m
2023-09-11 18:30:55:3055 [31m[31merror[31m[39m: [31m[31mAuthorizationError unauthorized refresh token[31m[39m
2023-09-11 18:30:56:3056 [31m[31merror[31m[39m: [31m[31mAuthorizationError unauthorized refresh token[31m[39m
2023-09-11 18:31:05:315 [31m[31merror[31m[39m: [31m[31mUnknow error Cannot read properties of undefined (reading 'password')[31m[39m
2023-09-11 18:31:12:3112 [31m[31merror[31m[39m: [31m[31mAuthorizationError unauthorized refresh token[31m[39m
2023-09-11 18:31:13:3113 [31m[31merror[31m[39m: [31m[31mAuthorizationError unauthorized refresh token[31m[39m
2023-09-11 18:31:28:3128 [31m[31merror[31m[39m: [31m[31mUnknow error Cannot read properties of undefined (reading 'password')[31m[39m
2023-09-11 19:19:36:1936 [31m[31merror[31m[39m: [31m[31mUnknow error NOT NULL constraint failed: profile.date_of_birth[31m[39m
2023-09-11 19:23:23:2323 [31m[31merror[31m[39m: [31m[31mAuthorizationError unauthorized refresh token[31m[39m
2023-09-11 19:23:24:2324 [31m[31merror[31m[39m: [31m[31mAuthorizationError unauthorized refresh token[31m[39m
2023-09-11 19:23:27:2327 [31m[31merror[31m[39m: [31m[31mUnknow error FOREIGN KEY constraint failed[31m[39m
2023-09-11 19:27:01:271 [31m[31merror[31m[39m: [31m[31mUnknow error FOREIGN KEY constraint failed[31m[39m
2023-09-11 19:29:20:2920 [31m[31merror[31m[39m: [31m[31mUnknow error FOREIGN KEY constraint failed[31m[39m
