2023-09-08 16:45:59:4559 [31m[31merror[31m[39m: [31m[31mUnknow error Code undefined : Code SQLITE_CONSTRAINT_UNIQUE : UNIQUE constraint failed: user.email  [31m[39m
2023-09-08 16:49:18:4918 [31m[31merror[31m[39m: [31m[31mDatabaseError Code undefined : Code SQLITE_CONSTRAINT_UNIQUE : UNIQUE constraint failed: user.email  [31m[39m
2023-09-08 16:49:22:4922 [31m[31merror[31m[39m: [31m[31mDatabaseError Code undefined : Code SQLITE_CONSTRAINT_UNIQUE : UNIQUE constraint failed: user.email  [31m[39m
2023-09-08 16:55:47:5547 [31m[31merror[31m[39m: [31m[31mValidationError Schema is not valid[31m[39m
2023-09-08 16:57:28:5728 [31m[31merror[31m[39m: [31m[31mValidationError Schema is not valid [object Object][31m[39m
2023-09-08 17:01:52:152 [31m[31merror[31m[39m: [31m[31mUserInputError Password didn't match[31m[39m
2023-09-08 18:21:04:214 [31m[31merror[31m[39m: [31m[31mValidationError Schema is not valid [object Object][31m[39m
2023-09-08 18:21:05:215 [31m[31merror[31m[39m: [31m[31mValidationError Schema is not valid [object Object][31m[39m
2023-09-08 19:54:59:5459 [31m[31merror[31m[39m: [31m[31mValidationError Schema is not valid [object Object][31m[39m
2023-09-08 19:55:52:5552 [31m[31merror[31m[39m: [31m[31mValidationError Schema is not valid [object Object][31m[39m
2023-09-08 19:56:01:561 [31m[31merror[31m[39m: [31m[31mValidationError Schema is not valid [object Object][31m[39m
2023-09-08 19:56:36:5636 [31m[31merror[31m[39m: [31m[31mValidationError Schema is not valid [object Object][31m[39m
2023-09-08 19:56:38:5638 [31m[31merror[31m[39m: [31m[31mValidationError Schema is not valid [object Object][31m[39m
2023-09-08 19:56:38:5638 [31m[31merror[31m[39m: [31m[31mValidationError Schema is not valid [object Object][31m[39m
2023-09-08 19:57:47:5747 [31m[31merror[31m[39m: [31m[31mUnknow error Cannot read properties of undefined (reading 'password')[31m[39m
2023-09-08 20:00:47:047 [31m[31merror[31m[39m: [31m[31mUserInputError Password didn't match[31m[39m
2023-09-08 20:16:21:1621 [31m[31merror[31m[39m: [31m[31mAuthorizationError Unauthorized user[31m[39m
2023-09-08 20:16:47:1647 [31m[31merror[31m[39m: [31m[31mAuthorizationError Unauthorized user[31m[39m
2023-09-08 20:16:48:1648 [31m[31merror[31m[39m: [31m[31mAuthorizationError Unauthorized user[31m[39m
2023-09-08 20:18:53:1853 [31m[31merror[31m[39m: [31m[31mNotFoundError Request couldn't match any routes[31m[39m
