2023-09-09 10:54:23:5423 [31m[31merror[31m[39m: [31m[31mAuthorizationError unauthorized[31m[39m
2023-09-09 10:54:34:5434 [31m[31merror[31m[39m: [31m[31mAuthorizationError unauthorized[31m[39m
2023-09-09 10:56:07:567 [31m[31merror[31m[39m: [31m[31mUserInputError Password didn't match[31m[39m
2023-09-09 10:56:11:5611 [31m[31merror[31m[39m: [31m[31mUserInputError Password didn't match[31m[39m
2023-09-09 10:57:12:5712 [31m[31merror[31m[39m: [31m[31mUserInputError Password didn't match[31m[39m
2023-09-09 10:59:07:597 [31m[31merror[31m[39m: [31m[31mUserInputError Password didn't match[31m[39m
2023-09-09 11:01:27:127 [31m[31merror[31m[39m: [31m[31mUserInputError Password didn't match[31m[39m
2023-09-09 11:01:55:155 [31m[31merror[31m[39m: [31m[31mValidationError Schema is not valid[31m[39m
2023-09-09 11:03:32:332 [31m[31merror[31m[39m: [31m[31mAuthorizationError unauthorized[31m[39m
2023-09-09 11:03:36:336 [31m[31merror[31m[39m: [31m[31mAuthorizationError unauthorized[31m[39m
2023-09-09 11:03:55:355 [31m[31merror[31m[39m: [31m[31mAuthorizationError unauthorized[31m[39m
2023-09-09 11:04:05:45 [31m[31merror[31m[39m: [31m[31mAuthorizationError unauthorized[31m[39m
2023-09-09 11:05:17:517 [31m[31merror[31m[39m: [31m[31m[31merror[31m[31m[39m
2023-09-09 11:05:30:530 [31m[31merror[31m[39m: [31m[31m[31merror[31m[31m[39m
2023-09-09 11:05:32:532 [31m[31merror[31m[39m: [31m[31m[31merror[31m[31m[39m
2023-09-09 11:05:35:535 [31m[31merror[31m[39m: [31m[31m[31merror[31m[31m[39m
2023-09-09 11:06:57:657 [31m[31merror[31m[39m: [31m[31m[31merror[31m[31m[39m
2023-09-09 11:06:58:658 [31m[31merror[31m[39m: [31m[31m[31merror[31m[31m[39m
2023-09-09 11:07:26:726 [31m[31merror[31m[39m: [31m[31mDatabaseError Code undefined : Cannot read properties of undefined (reading 'avg_pace') [31m[39m
2023-09-09 11:09:15:915 [31m[31merror[31m[39m: [31m[31mDatabaseError Code undefined : Cannot read properties of undefined (reading 'avg_pace') [31m[39m
2023-09-09 11:22:59:2259 [31m[31merror[31m[39m: [31m[31mAuthorizationError unauthorized[31m[39m
2023-09-09 11:23:03:233 [31m[31merror[31m[39m: [31m[31mAuthorizationError unauthorized[31m[39m
2023-09-09 11:29:25:2925 [31m[31merror[31m[39m: [31m[31mAuthorizationError unauthorized[31m[39m
2023-09-09 12:49:08:498 [31m[31merror[31m[39m: [31m[31mAuthorizationError unauthorized[31m[39m
2023-09-09 13:52:11:5211 [31m[31merror[31m[39m: [31m[31mAuthorizationError unauthorized[31m[39m
2023-09-09 13:52:11:5211 [31m[31merror[31m[39m: [31m[31mAuthorizationError unauthorized[31m[39m
2023-09-09 13:52:12:5212 [31m[31merror[31m[39m: [31m[31mAuthorizationError unauthorized[31m[39m
2023-09-09 13:52:16:5216 [31m[31merror[31m[39m: [31m[31mAuthorizationError unauthorized[31m[39m
2023-09-09 13:52:17:5217 [31m[31merror[31m[39m: [31m[31mAuthorizationError unauthorized[31m[39m
2023-09-09 15:48:59:4859 [31m[31merror[31m[39m: [31m[31mAuthorizationError unauthorized[31m[39m
2023-09-09 15:49:00:490 [31m[31merror[31m[39m: [31m[31mAuthorizationError unauthorized[31m[39m
2023-09-09 15:49:46:4946 [31m[31merror[31m[39m: [31m[31mAuthorizationError unauthorized[31m[39m
2023-09-09 15:49:47:4947 [31m[31merror[31m[39m: [31m[31mAuthorizationError unauthorized[31m[39m
2023-09-09 15:49:59:4959 [31m[31merror[31m[39m: [31m[31mAuthorizationError unauthorized[31m[39m
2023-09-09 15:50:00:500 [31m[31merror[31m[39m: [31m[31mAuthorizationError unauthorized[31m[39m
2023-09-09 15:50:01:501 [31m[31merror[31m[39m: [31m[31mAuthorizationError unauthorized[31m[39m
2023-09-09 15:50:02:502 [31m[31merror[31m[39m: [31m[31mAuthorizationError unauthorized[31m[39m
2023-09-09 15:50:47:5047 [31m[31merror[31m[39m: [31m[31mAuthorizationError unauthorized[31m[39m
2023-09-09 15:50:48:5048 [31m[31merror[31m[39m: [31m[31mAuthorizationError unauthorized[31m[39m
2023-09-09 15:50:48:5048 [31m[31merror[31m[39m: [31m[31mAuthorizationError unauthorized[31m[39m
2023-09-09 15:50:49:5049 [31m[31merror[31m[39m: [31m[31mAuthorizationError unauthorized[31m[39m
2023-09-09 15:50:50:5050 [31m[31merror[31m[39m: [31m[31mAuthorizationError unauthorized[31m[39m
2023-09-09 15:50:51:5051 [31m[31merror[31m[39m: [31m[31mAuthorizationError unauthorized[31m[39m
2023-09-09 15:51:05:515 [31m[31merror[31m[39m: [31m[31mUnknow error Cannot read properties of undefined (reading 'password')[31m[39m
2023-09-09 15:52:30:5230 [31m[31merror[31m[39m: [31m[31mUnknow error Cannot read properties of undefined (reading 'password')[31m[39m
2023-09-09 15:52:40:5240 [31m[31merror[31m[39m: [31m[31mUnknow error Cannot read properties of undefined (reading 'password')[31m[39m
2023-09-09 15:52:49:5249 [31m[31merror[31m[39m: [31m[31mUnknow error Cannot read properties of undefined (reading 'password')[31m[39m
2023-09-09 15:53:28:5328 [31m[31merror[31m[39m: [31m[31mAuthorizationError unauthorized[31m[39m
2023-09-09 15:53:29:5329 [31m[31merror[31m[39m: [31m[31mAuthorizationError unauthorized[31m[39m
2023-09-09 15:53:30:5330 [31m[31merror[31m[39m: [31m[31mAuthorizationError unauthorized[31m[39m
2023-09-09 15:54:14:5414 [31m[31merror[31m[39m: [31m[31mAuthorizationError unauthorized[31m[39m
2023-09-09 15:54:15:5415 [31m[31merror[31m[39m: [31m[31mAuthorizationError unauthorized[31m[39m
2023-09-09 15:54:16:5416 [31m[31merror[31m[39m: [31m[31mAuthorizationError unauthorized[31m[39m
2023-09-09 15:54:17:5417 [31m[31merror[31m[39m: [31m[31mAuthorizationError unauthorized[31m[39m
2023-09-09 15:54:18:5418 [31m[31merror[31m[39m: [31m[31mAuthorizationError unauthorized[31m[39m
2023-09-09 15:54:19:5419 [31m[31merror[31m[39m: [31m[31mAuthorizationError unauthorized[31m[39m
2023-09-09 15:54:20:5420 [31m[31merror[31m[39m: [31m[31mAuthorizationError unauthorized[31m[39m
2023-09-09 15:54:20:5420 [31m[31merror[31m[39m: [31m[31mAuthorizationError unauthorized[31m[39m
2023-09-09 15:54:21:5421 [31m[31merror[31m[39m: [31m[31mAuthorizationError unauthorized[31m[39m
2023-09-09 15:54:22:5422 [31m[31merror[31m[39m: [31m[31mAuthorizationError unauthorized[31m[39m
2023-09-09 15:54:32:5432 [31m[31merror[31m[39m: [31m[31mAuthorizationError unauthorized[31m[39m
2023-09-09 15:54:33:5433 [31m[31merror[31m[39m: [31m[31mAuthorizationError unauthorized[31m[39m
2023-09-09 15:54:34:5434 [31m[31merror[31m[39m: [31m[31mAuthorizationError unauthorized[31m[39m
2023-09-09 15:54:35:5435 [31m[31merror[31m[39m: [31m[31mAuthorizationError unauthorized[31m[39m
2023-09-09 15:54:37:5437 [31m[31merror[31m[39m: [31m[31mAuthorizationError unauthorized[31m[39m
2023-09-09 15:54:38:5438 [31m[31merror[31m[39m: [31m[31mAuthorizationError unauthorized[31m[39m
2023-09-09 15:54:41:5441 [31m[31merror[31m[39m: [31m[31mAuthorizationError unauthorized[31m[39m
2023-09-09 15:54:42:5442 [31m[31merror[31m[39m: [31m[31mAuthorizationError unauthorized[31m[39m
2023-09-09 15:57:13:5713 [31m[31merror[31m[39m: [31m[31mAuthorizationError unauthorized[31m[39m
2023-09-09 15:57:14:5714 [31m[31merror[31m[39m: [31m[31mAuthorizationError unauthorized[31m[39m
2023-09-09 15:58:09:589 [31m[31merror[31m[39m: [31m[31mAuthorizationError unauthorized[31m[39m
2023-09-09 15:58:10:5810 [31m[31merror[31m[39m: [31m[31mAuthorizationError unauthorized[31m[39m
2023-09-09 15:58:11:5811 [31m[31merror[31m[39m: [31m[31mAuthorizationError unauthorized[31m[39m
2023-09-09 15:58:14:5814 [31m[31merror[31m[39m: [31m[31mAuthorizationError unauthorized[31m[39m
2023-09-09 15:58:16:5816 [31m[31merror[31m[39m: [31m[31mAuthorizationError unauthorized[31m[39m
2023-09-09 15:58:33:5833 [31m[31merror[31m[39m: [31m[31mUserInputError Password didn't match[31m[39m
2023-09-09 15:59:29:5929 [31m[31merror[31m[39m: [31m[31mAuthorizationError unauthorized[31m[39m
2023-09-09 15:59:29:5929 [31m[31merror[31m[39m: [31m[31mAuthorizationError unauthorized[31m[39m
2023-09-09 15:59:30:5930 [31m[31merror[31m[39m: [31m[31mAuthorizationError unauthorized[31m[39m
2023-09-09 16:00:16:016 [31m[31merror[31m[39m: [31m[31mAuthorizationError unauthorized[31m[39m
2023-09-09 16:00:17:017 [31m[31merror[31m[39m: [31m[31mAuthorizationError unauthorized[31m[39m
2023-09-09 16:00:18:018 [31m[31merror[31m[39m: [31m[31mAuthorizationError unauthorized[31m[39m
2023-09-09 16:00:20:020 [31m[31merror[31m[39m: [31m[31mAuthorizationError unauthorized[31m[39m
2023-09-09 16:00:21:021 [31m[31merror[31m[39m: [31m[31mAuthorizationError unauthorized[31m[39m
2023-09-09 16:01:29:129 [31m[31merror[31m[39m: [31m[31mAuthorizationError unauthorized[31m[39m
2023-09-09 16:01:29:129 [31m[31merror[31m[39m: [31m[31mAuthorizationError unauthorized[31m[39m
2023-09-09 16:01:30:130 [31m[31merror[31m[39m: [31m[31mAuthorizationError unauthorized[31m[39m
2023-09-09 16:03:13:313 [31m[31merror[31m[39m: [31m[31mAuthorizationError unauthorized[31m[39m
2023-09-09 16:03:14:314 [31m[31merror[31m[39m: [31m[31mAuthorizationError unauthorized[31m[39m
2023-09-09 16:03:15:315 [31m[31merror[31m[39m: [31m[31mAuthorizationError unauthorized[31m[39m
2023-09-09 16:03:16:316 [31m[31merror[31m[39m: [31m[31mAuthorizationError unauthorized[31m[39m
2023-09-09 16:04:07:47 [31m[31merror[31m[39m: [31m[31mAuthorizationError unauthorized[31m[39m
2023-09-09 16:04:08:48 [31m[31merror[31m[39m: [31m[31mAuthorizationError unauthorized[31m[39m
2023-09-09 16:04:09:49 [31m[31merror[31m[39m: [31m[31mAuthorizationError unauthorized[31m[39m
2023-09-09 16:07:41:741 [31m[31merror[31m[39m: [31m[31mAuthorizationError unauthorized[31m[39m
2023-09-09 16:07:41:741 [31m[31merror[31m[39m: [31m[31mAuthorizationError unauthorized[31m[39m
2023-09-09 16:07:42:742 [31m[31merror[31m[39m: [31m[31mAuthorizationError unauthorized[31m[39m
2023-09-09 16:08:04:84 [31m[31merror[31m[39m: [31m[31mAuthorizationError unauthorized[31m[39m
2023-09-09 16:08:05:85 [31m[31merror[31m[39m: [31m[31mAuthorizationError unauthorized[31m[39m
2023-09-09 16:08:06:86 [31m[31merror[31m[39m: [31m[31mAuthorizationError unauthorized[31m[39m
2023-09-09 16:11:39:1139 [31m[31merror[31m[39m: [31m[31mNotFoundError Request couldn't match any routes[31m[39m
2023-09-09 16:11:39:1139 [31m[31merror[31m[39m: [31m[31mAuthorizationError unauthorized[31m[39m
2023-09-09 16:11:41:1141 [31m[31merror[31m[39m: [31m[31mAuthorizationError unauthorized[31m[39m
2023-09-09 16:12:15:1215 [31m[31merror[31m[39m: [31m[31mAuthorizationError unauthorized[31m[39m
2023-09-09 16:12:15:1215 [31m[31merror[31m[39m: [31m[31mAuthorizationError unauthorized[31m[39m
2023-09-09 16:12:16:1216 [31m[31merror[31m[39m: [31m[31mAuthorizationError unauthorized[31m[39m
2023-09-09 16:12:19:1219 [31m[31merror[31m[39m: [31m[31mAuthorizationError unauthorized[31m[39m
2023-09-09 16:12:20:1220 [31m[31merror[31m[39m: [31m[31mAuthorizationError unauthorized[31m[39m
2023-09-09 16:12:36:1236 [31m[31merror[31m[39m: [31m[31mAuthorizationError unauthorized[31m[39m
2023-09-09 16:12:36:1236 [31m[31merror[31m[39m: [31m[31mAuthorizationError unauthorized[31m[39m
2023-09-09 16:12:37:1237 [31m[31merror[31m[39m: [31m[31mAuthorizationError unauthorized[31m[39m
2023-09-09 16:12:39:1239 [31m[31merror[31m[39m: [31m[31mAuthorizationError unauthorized[31m[39m
2023-09-09 16:12:39:1239 [31m[31merror[31m[39m: [31m[31mAuthorizationError unauthorized[31m[39m
2023-09-09 16:12:40:1240 [31m[31merror[31m[39m: [31m[31mAuthorizationError unauthorized[31m[39m
2023-09-09 16:12:40:1240 [31m[31merror[31m[39m: [31m[31mAuthorizationError unauthorized[31m[39m
2023-09-09 16:12:41:1241 [31m[31merror[31m[39m: [31m[31mAuthorizationError unauthorized[31m[39m
2023-09-09 16:12:43:1243 [31m[31merror[31m[39m: [31m[31mAuthorizationError unauthorized[31m[39m
2023-09-09 16:12:44:1244 [31m[31merror[31m[39m: [31m[31mAuthorizationError unauthorized[31m[39m
2023-09-09 16:12:51:1251 [31m[31merror[31m[39m: [31m[31mAuthorizationError unauthorized[31m[39m
2023-09-09 16:12:52:1252 [31m[31merror[31m[39m: [31m[31mAuthorizationError unauthorized[31m[39m
2023-09-09 16:13:30:1330 [31m[31merror[31m[39m: [31m[31mAuthorizationError unauthorized[31m[39m
2023-09-09 16:13:31:1331 [31m[31merror[31m[39m: [31m[31mAuthorizationError unauthorized[31m[39m
2023-09-09 16:14:06:146 [31m[31merror[31m[39m: [31m[31mAuthorizationError unauthorized[31m[39m
2023-09-09 16:14:06:146 [31m[31merror[31m[39m: [31m[31mAuthorizationError unauthorized[31m[39m
2023-09-09 16:14:07:147 [31m[31merror[31m[39m: [31m[31mAuthorizationError unauthorized[31m[39m
2023-09-09 16:15:00:150 [31m[31merror[31m[39m: [31m[31mAuthorizationError unauthorized[31m[39m
2023-09-09 16:15:00:150 [31m[31merror[31m[39m: [31m[31mAuthorizationError unauthorized[31m[39m
2023-09-09 16:15:01:151 [31m[31merror[31m[39m: [31m[31mAuthorizationError unauthorized[31m[39m
2023-09-09 16:15:03:153 [31m[31merror[31m[39m: [31m[31mAuthorizationError unauthorized[31m[39m
2023-09-09 16:15:04:154 [31m[31merror[31m[39m: [31m[31mAuthorizationError unauthorized[31m[39m
2023-09-09 16:15:06:156 [31m[31merror[31m[39m: [31m[31mAuthorizationError unauthorized[31m[39m
2023-09-09 16:15:07:157 [31m[31merror[31m[39m: [31m[31mAuthorizationError unauthorized[31m[39m
2023-09-09 16:16:09:169 [31m[31merror[31m[39m: [31m[31mValidationError Schema is not valid[31m[39m
2023-09-09 16:16:19:1619 [31m[31merror[31m[39m: [31m[31mAuthorizationError unauthorized[31m[39m
2023-09-09 16:16:20:1620 [31m[31merror[31m[39m: [31m[31mAuthorizationError unauthorized[31m[39m
2023-09-09 16:16:21:1621 [31m[31merror[31m[39m: [31m[31mAuthorizationError unauthorized[31m[39m
2023-09-09 16:16:22:1622 [31m[31merror[31m[39m: [31m[31mAuthorizationError unauthorized[31m[39m
2023-09-09 16:16:22:1622 [31m[31merror[31m[39m: [31m[31mAuthorizationError unauthorized[31m[39m
2023-09-09 16:16:23:1623 [31m[31merror[31m[39m: [31m[31mAuthorizationError unauthorized[31m[39m
2023-09-09 16:18:47:1847 [31m[31merror[31m[39m: [31m[31mAuthorizationError unauthorized[31m[39m
2023-09-09 16:18:48:1848 [31m[31merror[31m[39m: [31m[31mAuthorizationError unauthorized[31m[39m
2023-09-09 16:18:49:1849 [31m[31merror[31m[39m: [31m[31mAuthorizationError unauthorized[31m[39m
2023-09-09 16:20:16:2016 [31m[31merror[31m[39m: [31m[31mAuthorizationError unauthorized[31m[39m
2023-09-09 16:20:16:2016 [31m[31merror[31m[39m: [31m[31mAuthorizationError unauthorized[31m[39m
2023-09-09 16:20:17:2017 [31m[31merror[31m[39m: [31m[31mAuthorizationError unauthorized[31m[39m
2023-09-09 16:20:18:2018 [31m[31merror[31m[39m: [31m[31mAuthorizationError unauthorized[31m[39m
2023-09-09 16:20:19:2019 [31m[31merror[31m[39m: [31m[31mAuthorizationError unauthorized[31m[39m
2023-09-09 16:20:20:2020 [31m[31merror[31m[39m: [31m[31mAuthorizationError unauthorized[31m[39m
2023-09-09 16:20:21:2021 [31m[31merror[31m[39m: [31m[31mAuthorizationError unauthorized[31m[39m
2023-09-09 16:22:39:2239 [31m[31merror[31m[39m: [31m[31mAuthorizationError unauthorized[31m[39m
2023-09-09 16:22:39:2239 [31m[31merror[31m[39m: [31m[31mAuthorizationError unauthorized[31m[39m
2023-09-09 16:22:40:2240 [31m[31merror[31m[39m: [31m[31mAuthorizationError unauthorized[31m[39m
2023-09-09 16:23:39:2339 [31m[31merror[31m[39m: [31m[31mAuthorizationError unauthorized[31m[39m
2023-09-09 16:23:40:2340 [31m[31merror[31m[39m: [31m[31mAuthorizationError unauthorized[31m[39m
2023-09-09 16:27:19:2719 [31m[31merror[31m[39m: [31m[31mAuthorizationError unauthorized[31m[39m
2023-09-09 16:27:19:2719 [31m[31merror[31m[39m: [31m[31mAuthorizationError unauthorized[31m[39m
2023-09-09 16:27:20:2720 [31m[31merror[31m[39m: [31m[31mAuthorizationError unauthorized[31m[39m
2023-09-09 16:27:42:2742 [31m[31merror[31m[39m: [31m[31mAuthorizationError unauthorized[31m[39m
2023-09-09 16:27:43:2743 [31m[31merror[31m[39m: [31m[31mAuthorizationError unauthorized[31m[39m
2023-09-09 16:27:44:2744 [31m[31merror[31m[39m: [31m[31mAuthorizationError unauthorized[31m[39m
2023-09-09 16:29:24:2924 [31m[31merror[31m[39m: [31m[31mAuthorizationError unauthorized[31m[39m
2023-09-09 16:29:25:2925 [31m[31merror[31m[39m: [31m[31mAuthorizationError unauthorized[31m[39m
2023-09-09 16:29:26:2926 [31m[31merror[31m[39m: [31m[31mAuthorizationError unauthorized[31m[39m
2023-09-09 16:30:36:3036 [31m[31merror[31m[39m: [31m[31mAuthorizationError unauthorized[31m[39m
2023-09-09 16:30:37:3037 [31m[31merror[31m[39m: [31m[31mAuthorizationError unauthorized[31m[39m
2023-09-09 16:30:38:3038 [31m[31merror[31m[39m: [31m[31mAuthorizationError unauthorized[31m[39m
2023-09-09 16:30:41:3041 [31m[31merror[31m[39m: [31m[31mAuthorizationError unauthorized[31m[39m
2023-09-09 16:30:42:3042 [31m[31merror[31m[39m: [31m[31mAuthorizationError unauthorized[31m[39m
2023-09-09 17:43:39:4339 [31m[31merror[31m[39m: [31m[31mAuthorizationError Unauthorized user[31m[39m
2023-09-09 17:43:40:4340 [31m[31merror[31m[39m: [31m[31mAuthorizationError Unauthorized user[31m[39m
2023-09-09 17:44:08:448 [31m[31merror[31m[39m: [31m[31mAuthorizationError Unauthorized user[31m[39m
2023-09-09 17:44:08:448 [31m[31merror[31m[39m: [31m[31mAuthorizationError Unauthorized user[31m[39m
2023-09-09 17:44:09:449 [31m[31merror[31m[39m: [31m[31mAuthorizationError Unauthorized user[31m[39m
2023-09-09 17:44:21:4421 [31m[31merror[31m[39m: [31m[31mAuthorizationError Unauthorized user[31m[39m
2023-09-09 17:44:22:4422 [31m[31merror[31m[39m: [31m[31mAuthorizationError Unauthorized user[31m[39m
2023-09-09 17:44:42:4442 [31m[31merror[31m[39m: [31m[31mAuthorizationError Unauthorized user[31m[39m
2023-09-09 17:44:43:4443 [31m[31merror[31m[39m: [31m[31mAuthorizationError Unauthorized user[31m[39m
2023-09-09 17:44:44:4444 [31m[31merror[31m[39m: [31m[31mAuthorizationError Unauthorized user[31m[39m
2023-09-09 17:44:49:4449 [31m[31merror[31m[39m: [31m[31mAuthorizationError Unauthorized user[31m[39m
2023-09-09 17:44:49:4449 [31m[31merror[31m[39m: [31m[31mAuthorizationError Unauthorized user[31m[39m
2023-09-09 17:44:50:4450 [31m[31merror[31m[39m: [31m[31mAuthorizationError Unauthorized user[31m[39m
2023-09-09 17:44:56:4456 [31m[31merror[31m[39m: [31m[31mAuthorizationError Unauthorized user[31m[39m
2023-09-09 17:44:57:4457 [31m[31merror[31m[39m: [31m[31mAuthorizationError Unauthorized user[31m[39m
2023-09-09 17:45:20:4520 [31m[31merror[31m[39m: [31m[31mAuthorizationError Unauthorized user[31m[39m
2023-09-09 17:45:20:4520 [31m[31merror[31m[39m: [31m[31mAuthorizationError Unauthorized user[31m[39m
2023-09-09 17:45:21:4521 [31m[31merror[31m[39m: [31m[31mAuthorizationError Unauthorized user[31m[39m
2023-09-09 17:45:24:4524 [31m[31merror[31m[39m: [31m[31mAuthorizationError Unauthorized user[31m[39m
2023-09-09 17:45:25:4525 [31m[31merror[31m[39m: [31m[31mAuthorizationError Unauthorized user[31m[39m
2023-09-09 17:46:53:4653 [31m[31merror[31m[39m: [31m[31mAuthorizationError Unauthorized user[31m[39m
2023-09-09 17:46:54:4654 [31m[31merror[31m[39m: [31m[31mAuthorizationError Unauthorized user[31m[39m
2023-09-09 17:47:46:4746 [31m[31merror[31m[39m: [31m[31mAuthorizationError Unauthorized user[31m[39m
2023-09-09 17:47:47:4747 [31m[31merror[31m[39m: [31m[31mAuthorizationError Unauthorized user[31m[39m
2023-09-09 17:47:59:4759 [31m[31merror[31m[39m: [31m[31mAuthorizationError Unauthorized user[31m[39m
2023-09-09 17:48:00:480 [31m[31merror[31m[39m: [31m[31mAuthorizationError Unauthorized user[31m[39m
2023-09-09 17:49:14:4914 [31m[31merror[31m[39m: [31m[31mAuthorizationError Unauthorized user[31m[39m
2023-09-09 17:49:15:4915 [31m[31merror[31m[39m: [31m[31mAuthorizationError Unauthorized user[31m[39m
2023-09-09 17:49:17:4917 [31m[31merror[31m[39m: [31m[31mAuthorizationError Unauthorized user[31m[39m
2023-09-09 17:49:58:4958 [31m[31merror[31m[39m: [31m[31mAuthorizationError unauthorized[31m[39m
2023-09-09 17:49:59:4959 [31m[31merror[31m[39m: [31m[31mAuthorizationError unauthorized[31m[39m
2023-09-09 17:51:20:5120 [31m[31merror[31m[39m: [31m[31mValidationError Schema is not valid[31m[39m
2023-09-09 17:52:24:5224 [31m[31merror[31m[39m: [31m[31mAuthorizationError unauthorized[31m[39m
2023-09-09 17:52:25:5225 [31m[31merror[31m[39m: [31m[31mAuthorizationError unauthorized[31m[39m
2023-09-09 17:52:38:5238 [31m[31merror[31m[39m: [31m[31mAuthorizationError unauthorized[31m[39m
2023-09-09 17:52:39:5239 [31m[31merror[31m[39m: [31m[31mAuthorizationError unauthorized[31m[39m
2023-09-09 17:53:03:533 [31m[31merror[31m[39m: [31m[31mAuthorizationError unauthorized[31m[39m
2023-09-09 17:53:04:534 [31m[31merror[31m[39m: [31m[31mAuthorizationError unauthorized[31m[39m
2023-09-09 17:53:05:535 [31m[31merror[31m[39m: [31m[31mAuthorizationError unauthorized[31m[39m
2023-09-09 17:53:06:536 [31m[31merror[31m[39m: [31m[31mAuthorizationError unauthorized[31m[39m
2023-09-09 17:53:07:537 [31m[31merror[31m[39m: [31m[31mAuthorizationError unauthorized[31m[39m
2023-09-09 17:53:27:5327 [31m[31merror[31m[39m: [31m[31mAuthorizationError unauthorized[31m[39m
2023-09-09 17:53:28:5328 [31m[31merror[31m[39m: [31m[31mAuthorizationError unauthorized[31m[39m
2023-09-09 17:54:45:5445 [31m[31merror[31m[39m: [31m[31mAuthorizationError unauthorized[31m[39m
2023-09-09 17:54:47:5447 [31m[31merror[31m[39m: [31m[31mAuthorizationError unauthorized[31m[39m
2023-09-09 17:54:48:5448 [31m[31merror[31m[39m: [31m[31mAuthorizationError unauthorized[31m[39m
2023-09-09 17:55:23:5523 [31m[31merror[31m[39m: [31m[31mAuthorizationError unauthorized[31m[39m
2023-09-09 17:55:24:5524 [31m[31merror[31m[39m: [31m[31mAuthorizationError unauthorized[31m[39m
2023-09-09 17:55:25:5525 [31m[31merror[31m[39m: [31m[31mAuthorizationError unauthorized[31m[39m
2023-09-09 17:55:26:5526 [31m[31merror[31m[39m: [31m[31mAuthorizationError unauthorized[31m[39m
2023-09-09 17:55:28:5528 [31m[31merror[31m[39m: [31m[31mAuthorizationError unauthorized[31m[39m
2023-09-09 17:55:29:5529 [31m[31merror[31m[39m: [31m[31mAuthorizationError unauthorized[31m[39m
2023-09-09 17:56:01:561 [31m[31merror[31m[39m: [31m[31mAuthorizationError unauthorized[31m[39m
2023-09-09 17:56:03:563 [31m[31merror[31m[39m: [31m[31mAuthorizationError unauthorized[31m[39m
2023-09-09 17:56:18:5618 [31m[31merror[31m[39m: [31m[31mAuthorizationError unauthorized refresh token[31m[39m
2023-09-09 17:56:20:5620 [31m[31merror[31m[39m: [31m[31mAuthorizationError unauthorized refresh token[31m[39m
2023-09-09 17:56:57:5657 [31m[31merror[31m[39m: [31m[31mAuthorizationError unauthorized refresh token[31m[39m
2023-09-09 17:56:58:5658 [31m[31merror[31m[39m: [31m[31mAuthorizationError unauthorized refresh token[31m[39m
2023-09-09 17:56:59:5659 [31m[31merror[31m[39m: [31m[31mAuthorizationError unauthorized refresh token[31m[39m
2023-09-09 17:57:00:570 [31m[31merror[31m[39m: [31m[31mAuthorizationError unauthorized refresh token[31m[39m
2023-09-09 17:57:18:5718 [31m[31merror[31m[39m: [31m[31mAuthorizationError unauthorized refresh token[31m[39m
2023-09-09 17:57:19:5719 [31m[31merror[31m[39m: [31m[31mAuthorizationError unauthorized refresh token[31m[39m
2023-09-09 17:57:36:5736 [31m[31merror[31m[39m: [31m[31mAuthorizationError unauthorized refresh token[31m[39m
2023-09-09 17:57:38:5738 [31m[31merror[31m[39m: [31m[31mAuthorizationError unauthorized refresh token[31m[39m
2023-09-09 17:57:38:5738 [31m[31merror[31m[39m: [31m[31mAuthorizationError unauthorized refresh token[31m[39m
2023-09-09 17:57:39:5739 [31m[31merror[31m[39m: [31m[31mAuthorizationError unauthorized refresh token[31m[39m
2023-09-09 18:02:57:257 [31m[31merror[31m[39m: [31m[31mNotFoundError Request couldn't match any routes[31m[39m
2023-09-09 18:02:58:258 [31m[31merror[31m[39m: [31m[31mNotFoundError Request couldn't match any routes[31m[39m
2023-09-09 18:03:21:321 [31m[31merror[31m[39m: [31m[31mNotFoundError Request couldn't match any routes[31m[39m
2023-09-09 18:03:21:321 [31m[31merror[31m[39m: [31m[31mNotFoundError Request couldn't match any routes[31m[39m
2023-09-09 18:03:22:322 [31m[31merror[31m[39m: [31m[31mNotFoundError Request couldn't match any routes[31m[39m
2023-09-09 18:03:27:327 [31m[31merror[31m[39m: [31m[31mNotFoundError Request couldn't match any routes[31m[39m
2023-09-09 18:03:28:328 [31m[31merror[31m[39m: [31m[31mNotFoundError Request couldn't match any routes[31m[39m
2023-09-09 18:03:53:353 [31m[31merror[31m[39m: [31m[31mNotFoundError Request couldn't match any routes[31m[39m
2023-09-09 18:03:53:353 [31m[31merror[31m[39m: [31m[31mDatabaseError Code undefined : Cannot read properties of undefined (reading 'avg_pace') [31m[39m
2023-09-09 18:03:54:354 [31m[31merror[31m[39m: [31m[31mDatabaseError Code undefined : Cannot read properties of undefined (reading 'avg_pace') [31m[39m
2023-09-09 18:04:26:426 [31m[31merror[31m[39m: [31m[31mDatabaseError Code undefined : Cannot read properties of undefined (reading 'avg_pace') [31m[39m
2023-09-09 18:04:27:427 [31m[31merror[31m[39m: [31m[31mDatabaseError Code undefined : Cannot read properties of undefined (reading 'avg_pace') [31m[39m
2023-09-09 18:04:27:427 [31m[31merror[31m[39m: [31m[31mDatabaseError Code undefined : Cannot read properties of undefined (reading 'avg_pace') [31m[39m
2023-09-09 18:04:28:428 [31m[31merror[31m[39m: [31m[31mDatabaseError Code undefined : Cannot read properties of undefined (reading 'avg_pace') [31m[39m
2023-09-09 18:04:29:429 [31m[31merror[31m[39m: [31m[31mDatabaseError Code undefined : Cannot read properties of undefined (reading 'avg_pace') [31m[39m
2023-09-09 18:04:30:430 [31m[31merror[31m[39m: [31m[31mDatabaseError Code undefined : Cannot read properties of undefined (reading 'avg_pace') [31m[39m
2023-09-09 18:04:31:431 [31m[31merror[31m[39m: [31m[31mDatabaseError Code undefined : Cannot read properties of undefined (reading 'avg_pace') [31m[39m
2023-09-09 18:08:02:82 [31m[31merror[31m[39m: [31m[31mDatabaseError Code undefined : Cannot read properties of undefined (reading 'avg_pace') [31m[39m
2023-09-09 18:08:03:83 [31m[31merror[31m[39m: [31m[31mDatabaseError Code undefined : Cannot read properties of undefined (reading 'avg_pace') [31m[39m
2023-09-09 18:15:01:151 [31m[31merror[31m[39m: [31m[31mDatabaseError Code undefined : Cannot read properties of undefined (reading 'avg_pace') [31m[39m
2023-09-09 18:15:02:152 [31m[31merror[31m[39m: [31m[31mDatabaseError Code undefined : Cannot read properties of undefined (reading 'avg_pace') [31m[39m
2023-09-09 18:15:23:1523 [31m[31merror[31m[39m: [31m[31mDatabaseError Code undefined : Cannot read properties of undefined (reading 'avg_pace') [31m[39m
2023-09-09 18:15:24:1524 [31m[31merror[31m[39m: [31m[31mDatabaseError Code undefined : Cannot read properties of undefined (reading 'avg_pace') [31m[39m
2023-09-09 18:15:29:1529 [31m[31merror[31m[39m: [31m[31mDatabaseError Code undefined : Cannot read properties of undefined (reading 'avg_pace') [31m[39m
2023-09-09 18:15:30:1530 [31m[31merror[31m[39m: [31m[31mDatabaseError Code undefined : Cannot read properties of undefined (reading 'avg_pace') [31m[39m
2023-09-09 18:15:44:1544 [31m[31merror[31m[39m: [31m[31mDatabaseError Code undefined : Cannot read properties of undefined (reading 'avg_pace') [31m[39m
2023-09-09 18:15:45:1545 [31m[31merror[31m[39m: [31m[31mDatabaseError Code undefined : Cannot read properties of undefined (reading 'avg_pace') [31m[39m
2023-09-09 18:20:33:2033 [31m[31merror[31m[39m: [31m[31mUnknow error accessToken is not defined[31m[39m
2023-09-09 18:20:44:2044 [31m[31merror[31m[39m: [31m[31mUnknow error Cannot destructure property 'accessToken' of '(intermediate value)' as it is undefined.[31m[39m
2023-09-09 18:22:39:2239 [31m[31merror[31m[39m: [31m[31mUnknow error Cannot read properties of undefined (reading 'password')[31m[39m
2023-09-09 18:22:40:2240 [31m[31merror[31m[39m: [31m[31mUnknow error Cannot read properties of undefined (reading 'password')[31m[39m
2023-09-09 18:22:48:2248 [31m[31merror[31m[39m: [31m[31mUnknow error Cannot read properties of undefined (reading 'password')[31m[39m
2023-09-09 18:22:50:2250 [31m[31merror[31m[39m: [31m[31mUnknow error Cannot read properties of undefined (reading 'password')[31m[39m
2023-09-09 18:23:12:2312 [31m[31merror[31m[39m: [31m[31mUnknow error Cannot destructure property 'accessToken' of '(intermediate value)' as it is undefined.[31m[39m
2023-09-09 18:23:21:2321 [31m[31merror[31m[39m: [31m[31mUnknow error Cannot destructure property 'accessToken' of '(intermediate value)' as it is undefined.[31m[39m
2023-09-09 18:28:30:2830 [31m[31merror[31m[39m: [31m[31mUnknow error Cannot destructure property 'accessToken' of '(intermediate value)' as it is undefined.[31m[39m
2023-09-09 18:33:10:3310 [31m[31merror[31m[39m: [31m[31mDatabaseError Code undefined : Cannot read properties of undefined (reading 'avg_pace') [31m[39m
2023-09-09 18:33:11:3311 [31m[31merror[31m[39m: [31m[31mDatabaseError Code undefined : Cannot read properties of undefined (reading 'avg_pace') [31m[39m
2023-09-09 18:33:49:3349 [31m[31merror[31m[39m: [31m[31mDatabaseError Code undefined : Cannot read properties of undefined (reading 'avg_pace') [31m[39m
2023-09-09 18:33:50:3350 [31m[31merror[31m[39m: [31m[31mDatabaseError Code undefined : Cannot read properties of undefined (reading 'avg_pace') [31m[39m
2023-09-09 18:34:35:3435 [31m[31merror[31m[39m: [31m[31mDatabaseError Code undefined : Cannot read properties of undefined (reading 'avg_pace') [31m[39m
2023-09-09 18:34:36:3436 [31m[31merror[31m[39m: [31m[31mDatabaseError Code undefined : Cannot read properties of undefined (reading 'avg_pace') [31m[39m
2023-09-09 18:35:04:354 [31m[31merror[31m[39m: [31m[31mDatabaseError Code undefined : Cannot read properties of undefined (reading 'avg_pace') [31m[39m
2023-09-09 18:35:05:355 [31m[31merror[31m[39m: [31m[31mDatabaseError Code undefined : Cannot read properties of undefined (reading 'avg_pace') [31m[39m
2023-09-09 18:35:18:3518 [31m[31merror[31m[39m: [31m[31mDatabaseError Code undefined : Cannot read properties of undefined (reading 'avg_pace') [31m[39m
2023-09-09 18:35:19:3519 [31m[31merror[31m[39m: [31m[31mDatabaseError Code undefined : Cannot read properties of undefined (reading 'avg_pace') [31m[39m
2023-09-09 19:35:51:3551 [31m[31merror[31m[39m: [31m[31mNotFoundError Request couldn't match any routes[31m[39m
2023-09-09 19:36:20:3620 [31m[31merror[31m[39m: [31m[31mNotFoundError Request couldn't match any routes[31m[39m
2023-09-09 19:37:22:3722 [31m[31merror[31m[39m: [31m[31mNotFoundError Request couldn't match any routes[31m[39m
2023-09-09 19:37:57:3757 [31m[31merror[31m[39m: [31m[31mNotFoundError Request couldn't match any routes[31m[39m
2023-09-09 19:38:29:3829 [31m[31merror[31m[39m: [31m[31mNotFoundError Request couldn't match any routes[31m[39m
2023-09-09 19:38:32:3832 [31m[31merror[31m[39m: [31m[31mNotFoundError Request couldn't match any routes[31m[39m
2023-09-09 19:38:34:3834 [31m[31merror[31m[39m: [31m[31mNotFoundError Request couldn't match any routes[31m[39m
2023-09-09 19:39:10:3910 [31m[31merror[31m[39m: [31m[31mAuthorizationError unauthorized refresh token[31m[39m
2023-09-09 19:39:11:3911 [31m[31merror[31m[39m: [31m[31mAuthorizationError unauthorized refresh token[31m[39m
2023-09-09 19:39:12:3912 [31m[31merror[31m[39m: [31m[31mAuthorizationError unauthorized refresh token[31m[39m
2023-09-09 19:39:13:3913 [31m[31merror[31m[39m: [31m[31mAuthorizationError unauthorized refresh token[31m[39m
2023-09-09 19:40:36:4036 [31m[31merror[31m[39m: [31m[31mAuthorizationError unauthorized refresh token[31m[39m
2023-09-09 19:40:37:4037 [31m[31merror[31m[39m: [31m[31mAuthorizationError unauthorized refresh token[31m[39m
2023-09-09 19:56:59:5659 [31m[31merror[31m[39m: [31m[31mAuthorizationError unauthorized refresh token[31m[39m
2023-09-09 19:57:00:570 [31m[31merror[31m[39m: [31m[31mAuthorizationError unauthorized refresh token[31m[39m
