2023-09-12 10:06:27:627 [31m[31merror[31m[39m: [31m[31mValidationError Schema is not valid[31m[39m
2023-09-12 10:06:57:657 [31m[31merror[31m[39m: [31m[31mValidationError Schema is not valid[31m[39m
2023-09-12 10:07:09:79 [31m[31merror[31m[39m: [31m[31mValidationError Schema is not valid[31m[39m
2023-09-12 10:07:26:726 [31m[31merror[31m[39m: [31m[31mDatabaseError Code undefined : Code SQLITE_ERROR : no such column: *  [31m[39m
2023-09-12 10:11:17:1117 [31m[31merror[31m[39m: [31m[31mDatabaseError Code undefined : Code SQLITE_CONSTRAINT_UNIQUE : UNIQUE constraint failed: user.email  [31m[39m
2023-09-12 10:29:21:2921 [31m[31merror[31m[39m: [31m[31mDatabaseError Code undefined : Code SQLITE_CONSTRAINT_UNIQUE : UNIQUE constraint failed: user.email  [31m[39m
2023-09-12 10:56:03:563 [31m[31merror[31m[39m: [31m[31mServerError E04B0000:error:0A00010B:SSL routines:ssl3_get_record:wrong version number:c:\ws\deps\openssl\openssl\ssl\record\ssl3_record.c:355:[31m[39m
[31m[31m[31m[39m
2023-09-12 10:56:51:5651 [31m[31merror[31m[39m: [31m[31mServerError Invalid login: 535-5.7.8 Username and Password not accepted. Learn more at[31m[39m
[31m[31m535 5.7.8  https://support.google.com/mail/?p=BadCredentials z18-20020a1c4c12000000b003fedcd02e2asm12299951wmf.35 - gsmtp[31m[39m
2023-09-12 10:58:41:5841 [31m[31merror[31m[39m: [31m[31mServerError Invalid login: 535-5.7.8 Username and Password not accepted. Learn more at[31m[39m
[31m[31m535 5.7.8  https://support.google.com/mail/?p=BadCredentials k13-20020a05600c1c8d00b00402ff8d6086sm10281641wms.18 - gsmtp[31m[39m
2023-09-12 11:02:33:233 [31m[31merror[31m[39m: [31m[31mServerError Invalid login: 535-5.7.8 Username and Password not accepted. Learn more at[31m[39m
[31m[31m535 5.7.8  https://support.google.com/mail/?p=BadCredentials s14-20020a05600c044e00b003feff926fc5sm12208725wmb.17 - gsmtp[31m[39m
2023-09-12 11:14:00:140 [31m[31merror[31m[39m: [31m[31mServerError Invalid login: 534-5.7.9 Application-specific password required. Learn more at[31m[39m
[31m[31m534 5.7.9  https://support.google.com/mail/?p=InvalidSecondFactor dd7-20020a0560001e8700b0031c8a43712asm10151136wrb.69 - gsmtp[31m[39m
2023-09-12 11:14:23:1423 [31m[31merror[31m[39m: [31m[31mServerError Invalid login: 534-5.7.9 Application-specific password required. Learn more at[31m[39m
[31m[31m534 5.7.9  https://support.google.com/mail/?p=InvalidSecondFactor o13-20020a05600c510d00b003fee777fd84sm9748508wms.41 - gsmtp[31m[39m
2023-09-12 11:16:26:1626 [31m[31merror[31m[39m: [31m[31mServerError Invalid login: 534-5.7.9 Application-specific password required. Learn more at[31m[39m
[31m[31m534 5.7.9  https://support.google.com/mail/?p=InvalidSecondFactor o8-20020a1c7508000000b003fed7fa6c00sm15731778wmc.7 - gsmtp[31m[39m
2023-09-12 12:19:16:1916 [31m[31merror[31m[39m: [31m[31mNotFoundError Request couldn't match any routes[31m[39m
2023-09-12 12:19:57:1957 [31m[31merror[31m[39m: [31m[31mUnknow error Cannot set headers after they are sent to the client[31m[39m
2023-09-12 12:20:13:2013 [31m[31merror[31m[39m: [31m[31mUnknow error Cannot set headers after they are sent to the client[31m[39m
2023-09-12 12:21:04:214 [31m[31merror[31m[39m: [31m[31mUnknow error Cannot set headers after they are sent to the client[31m[39m
2023-09-12 12:21:49:2149 [31m[31merror[31m[39m: [31m[31mUnknow error Cannot set headers after they are sent to the client[31m[39m
2023-09-12 12:22:26:2226 [31m[31merror[31m[39m: [31m[31mUnknow error Cannot set headers after they are sent to the client[31m[39m
2023-09-12 12:28:25:2825 [31m[31merror[31m[39m: [31m[31mServerError Invalid user id[31m[39m
2023-09-12 12:28:53:2853 [31m[31merror[31m[39m: [31m[31mServerError Invalid user id[31m[39m
2023-09-12 12:29:17:2917 [31m[31merror[31m[39m: [31m[31mServerError Invalid user id[31m[39m
2023-09-12 12:30:00:300 [31m[31merror[31m[39m: [31m[31mServerError Invalid token[31m[39m
2023-09-12 12:30:32:3032 [31m[31merror[31m[39m: [31m[31mServerError Invalid token[31m[39m
2023-09-12 12:31:22:3122 [31m[31merror[31m[39m: [31m[31mUnknow error Cannot read properties of undefined (reading 'userId')[31m[39m
2023-09-12 12:31:48:3148 [31m[31merror[31m[39m: [31m[31mUnknow error SQLite3 can only bind numbers, strings, bigints, buffers, and null[31m[39m
2023-09-12 12:40:05:405 [31m[31merror[31m[39m: [31m[31mServerError Couldn't update user[31m[39m
2023-09-12 12:47:45:4745 [31m[31merror[31m[39m: [31m[31mServerError Couldn't update user[31m[39m
2023-09-12 12:50:24:5024 [31m[31merror[31m[39m: [31m[31mServerError Couldn't update user[31m[39m
2023-09-12 12:52:26:5226 [31m[31merror[31m[39m: [31m[31mServerError Couldn't update user[31m[39m
2023-09-12 12:53:41:5341 [31m[31merror[31m[39m: [31m[31mServerError Couldn't update user[31m[39m
